[32m[20221122 14:41:27 @logger.py:105][0m Log file set to ./tmp/hopper/easy/20221122_144127/log/hopper_easy-20221122_144127.log
[32m[20221122 14:41:27 @hopper_agent.py:269][0m #------------------------ Iteration 0 --------------------------#
[32m[20221122 14:41:33 @hopper_agent.py:303][0m Sample time: 6.759597063064575
[32m[20221122 14:41:35 @hopper_agent.py:371][0m |        surr |          kl |         ent |     vf_loss|   weight_l2|
[32m[20221122 14:41:44 @hopper_agent.py:308][0m Update time: 10.335637092590332
[32m[20221122 14:41:45 @hopper_agent.py:313][0m Evaluation time: 1.1741769313812256
[32m[20221122 14:41:45 @hopper_agent.py:276][0m [4m[34mCRITICAL[0m Get the best episode reward: 0
[32m[20221122 14:41:45 @hopper_agent.py:254][0m [4m[34mCRITICAL[0m Saving the best checkpoint with rewards 0.00
[32m[20221122 14:41:45 @hopper_agent.py:283][0m Total time: 18.35514211654663
[32m[20221122 14:41:45 @hopper_agent.py:285][0m 50000 total steps have happened
[32m[20221122 14:41:45 @hopper_agent.py:269][0m #------------------------ Iteration 1 --------------------------#
[32m[20221122 14:41:52 @hopper_agent.py:303][0m Sample time: 6.608597040176392
[32m[20221122 14:41:53 @hopper_agent.py:371][0m |        surr |          kl |         ent |     vf_loss|   weight_l2|
[32m[20221122 14:42:02 @hopper_agent.py:308][0m Update time: 10.21078872680664
[32m[20221122 14:42:03 @hopper_agent.py:313][0m Evaluation time: 1.149151086807251
[32m[20221122 14:42:03 @hopper_agent.py:281][0m Average episode reward: 0
[32m[20221122 14:42:03 @hopper_agent.py:283][0m Total time: 36.34650707244873
[32m[20221122 14:42:03 @hopper_agent.py:285][0m 100000 total steps have happened
[32m[20221122 14:42:03 @hopper_agent.py:269][0m #------------------------ Iteration 2 --------------------------#
[32m[20221122 14:42:10 @hopper_agent.py:303][0m Sample time: 6.779148817062378
[32m[20221122 14:42:11 @hopper_agent.py:371][0m |        surr |          kl |         ent |     vf_loss|   weight_l2|
[32m[20221122 14:42:20 @hopper_agent.py:308][0m Update time: 9.990547180175781
[32m[20221122 14:42:21 @hopper_agent.py:313][0m Evaluation time: 1.1888656616210938
[32m[20221122 14:42:21 @hopper_agent.py:281][0m Average episode reward: 0
[32m[20221122 14:42:21 @hopper_agent.py:283][0m Total time: 54.321595191955566
[32m[20221122 14:42:21 @hopper_agent.py:285][0m 150000 total steps have happened
[32m[20221122 14:42:21 @hopper_agent.py:269][0m #------------------------ Iteration 3 --------------------------#
[32m[20221122 14:42:28 @hopper_agent.py:303][0m Sample time: 6.633469104766846
[32m[20221122 14:42:29 @hopper_agent.py:371][0m |        surr |          kl |         ent |     vf_loss|   weight_l2|
[32m[20221122 14:42:37 @hopper_agent.py:308][0m Update time: 9.806693077087402
[32m[20221122 14:42:39 @hopper_agent.py:313][0m Evaluation time: 1.1811299324035645
[32m[20221122 14:42:39 @hopper_agent.py:281][0m Average episode reward: 0
[32m[20221122 14:42:39 @hopper_agent.py:283][0m Total time: 71.95938396453857
[32m[20221122 14:42:39 @hopper_agent.py:285][0m 200000 total steps have happened
[32m[20221122 14:42:39 @hopper_agent.py:269][0m #------------------------ Iteration 4 --------------------------#
[32m[20221122 14:42:45 @hopper_agent.py:303][0m Sample time: 6.515600919723511
[32m[20221122 14:42:46 @hopper_agent.py:371][0m |        surr |          kl |         ent |     vf_loss|   weight_l2|
[32m[20221122 14:42:55 @hopper_agent.py:308][0m Update time: 9.846086740493774
[32m[20221122 14:42:56 @hopper_agent.py:313][0m Evaluation time: 1.1779251098632812
[32m[20221122 14:42:56 @hopper_agent.py:281][0m Average episode reward: 0
[32m[20221122 14:42:56 @hopper_agent.py:283][0m Total time: 89.51406407356262
[32m[20221122 14:42:56 @hopper_agent.py:285][0m 250000 total steps have happened
[32m[20221122 14:42:56 @hopper_agent.py:269][0m #------------------------ Iteration 5 --------------------------#
[32m[20221122 14:43:03 @hopper_agent.py:303][0m Sample time: 6.525608062744141
[32m[20221122 14:43:04 @hopper_agent.py:371][0m |        surr |          kl |         ent |     vf_loss|   weight_l2|
[32m[20221122 14:43:13 @hopper_agent.py:308][0m Update time: 10.053392887115479
[32m[20221122 14:43:14 @hopper_agent.py:313][0m Evaluation time: 1.1778972148895264
[32m[20221122 14:43:14 @hopper_agent.py:281][0m Average episode reward: 0
[32m[20221122 14:43:14 @hopper_agent.py:283][0m Total time: 107.28720092773438
[32m[20221122 14:43:14 @hopper_agent.py:285][0m 300000 total steps have happened
[32m[20221122 14:43:14 @hopper_agent.py:269][0m #------------------------ Iteration 6 --------------------------#
[32m[20221122 14:43:20 @hopper_agent.py:303][0m Sample time: 6.5128161907196045
[32m[20221122 14:43:22 @hopper_agent.py:371][0m |        surr |          kl |         ent |     vf_loss|   weight_l2|
[32m[20221122 14:43:30 @hopper_agent.py:308][0m Update time: 9.868859767913818
[32m[20221122 14:43:31 @hopper_agent.py:313][0m Evaluation time: 1.1753590106964111
[32m[20221122 14:43:31 @hopper_agent.py:281][0m Average episode reward: 0
[32m[20221122 14:43:31 @hopper_agent.py:283][0m Total time: 124.8605592250824
[32m[20221122 14:43:31 @hopper_agent.py:285][0m 350000 total steps have happened
[32m[20221122 14:43:31 @hopper_agent.py:269][0m #------------------------ Iteration 7 --------------------------#
[32m[20221122 14:43:38 @hopper_agent.py:303][0m Sample time: 6.520650148391724
[32m[20221122 14:43:39 @hopper_agent.py:371][0m |        surr |          kl |         ent |     vf_loss|   weight_l2|
[32m[20221122 14:43:48 @hopper_agent.py:308][0m Update time: 9.90355396270752
[32m[20221122 14:43:49 @hopper_agent.py:313][0m Evaluation time: 1.1974139213562012
[32m[20221122 14:43:49 @hopper_agent.py:281][0m Average episode reward: 0
[32m[20221122 14:43:49 @hopper_agent.py:283][0m Total time: 142.50060629844666
[32m[20221122 14:43:49 @hopper_agent.py:285][0m 400000 total steps have happened
[32m[20221122 14:43:49 @hopper_agent.py:269][0m #------------------------ Iteration 8 --------------------------#
[32m[20221122 14:43:56 @hopper_agent.py:303][0m Sample time: 6.546546936035156
[32m[20221122 14:43:57 @hopper_agent.py:371][0m |        surr |          kl |         ent |     vf_loss|   weight_l2|
[32m[20221122 14:44:05 @hopper_agent.py:308][0m Update time: 9.69193720817566
[32m[20221122 14:44:06 @hopper_agent.py:313][0m Evaluation time: 1.1281671524047852
[32m[20221122 14:44:07 @hopper_agent.py:281][0m Average episode reward: 0
[32m[20221122 14:44:07 @hopper_agent.py:283][0m Total time: 159.8838131427765
[32m[20221122 14:44:07 @hopper_agent.py:285][0m 450000 total steps have happened
[32m[20221122 14:44:07 @hopper_agent.py:269][0m #------------------------ Iteration 9 --------------------------#
[32m[20221122 14:44:13 @hopper_agent.py:303][0m Sample time: 6.550118923187256
[32m[20221122 14:44:14 @hopper_agent.py:371][0m |        surr |          kl |         ent |     vf_loss|   weight_l2|
[32m[20221122 14:44:23 @hopper_agent.py:308][0m Update time: 9.864924907684326
[32m[20221122 14:44:24 @hopper_agent.py:313][0m Evaluation time: 1.1375930309295654
[32m[20221122 14:44:24 @hopper_agent.py:281][0m Average episode reward: 0
[32m[20221122 14:44:24 @hopper_agent.py:283][0m Total time: 177.4522261619568
[32m[20221122 14:44:24 @hopper_agent.py:285][0m 500000 total steps have happened
[32m[20221122 14:44:24 @hopper_agent.py:269][0m #------------------------ Iteration 10 --------------------------#
[32m[20221122 14:44:31 @hopper_agent.py:303][0m Sample time: 6.567503929138184
[32m[20221122 14:44:32 @hopper_agent.py:371][0m |        surr |          kl |         ent |     vf_loss|   weight_l2|
[32m[20221122 14:44:40 @hopper_agent.py:308][0m Update time: 9.632925748825073
[32m[20221122 14:44:41 @hopper_agent.py:313][0m Evaluation time: 1.134791374206543
[32m[20221122 14:44:41 @hopper_agent.py:281][0m Average episode reward: 0
[32m[20221122 14:44:41 @hopper_agent.py:283][0m Total time: 194.80377316474915
[32m[20221122 14:44:41 @hopper_agent.py:285][0m 550000 total steps have happened
[32m[20221122 14:44:41 @hopper_agent.py:269][0m #------------------------ Iteration 11 --------------------------#
[32m[20221122 14:44:48 @hopper_agent.py:303][0m Sample time: 6.545313835144043
[32m[20221122 14:44:49 @hopper_agent.py:371][0m |        surr |          kl |         ent |     vf_loss|   weight_l2|
[32m[20221122 14:44:58 @hopper_agent.py:308][0m Update time: 9.771914005279541
[32m[20221122 14:44:59 @hopper_agent.py:313][0m Evaluation time: 1.1420280933380127
[32m[20221122 14:44:59 @hopper_agent.py:281][0m Average episode reward: 0
[32m[20221122 14:44:59 @hopper_agent.py:283][0m Total time: 212.27909016609192
[32m[20221122 14:44:59 @hopper_agent.py:285][0m 600000 total steps have happened
[32m[20221122 14:44:59 @hopper_agent.py:269][0m #------------------------ Iteration 12 --------------------------#
[32m[20221122 14:45:05 @hopper_agent.py:303][0m Sample time: 6.55480694770813
[32m[20221122 14:45:07 @hopper_agent.py:371][0m |        surr |          kl |         ent |     vf_loss|   weight_l2|
[32m[20221122 14:45:15 @hopper_agent.py:308][0m Update time: 9.729939937591553
[32m[20221122 14:45:16 @hopper_agent.py:313][0m Evaluation time: 1.1302008628845215
[32m[20221122 14:45:16 @hopper_agent.py:281][0m Average episode reward: 0
[32m[20221122 14:45:16 @hopper_agent.py:283][0m Total time: 229.70957803726196
[32m[20221122 14:45:16 @hopper_agent.py:285][0m 650000 total steps have happened
[32m[20221122 14:45:16 @hopper_agent.py:269][0m #------------------------ Iteration 13 --------------------------#
[32m[20221122 14:45:23 @hopper_agent.py:303][0m Sample time: 6.542940855026245
[32m[20221122 14:45:24 @hopper_agent.py:371][0m |        surr |          kl |         ent |     vf_loss|   weight_l2|
[32m[20221122 14:45:33 @hopper_agent.py:308][0m Update time: 10.12323808670044
[32m[20221122 14:45:34 @hopper_agent.py:313][0m Evaluation time: 1.156940221786499
[32m[20221122 14:45:34 @hopper_agent.py:281][0m Average episode reward: 0
[32m[20221122 14:45:34 @hopper_agent.py:283][0m Total time: 247.55090713500977
[32m[20221122 14:45:34 @hopper_agent.py:285][0m 700000 total steps have happened
[32m[20221122 14:45:34 @hopper_agent.py:269][0m #------------------------ Iteration 14 --------------------------#
[32m[20221122 14:45:41 @hopper_agent.py:303][0m Sample time: 6.587421178817749
[32m[20221122 14:45:42 @hopper_agent.py:371][0m |        surr |          kl |         ent |     vf_loss|   weight_l2|
[32m[20221122 14:45:51 @hopper_agent.py:308][0m Update time: 10.63296389579773
[32m[20221122 14:45:53 @hopper_agent.py:313][0m Evaluation time: 1.1608140468597412
[32m[20221122 14:45:53 @hopper_agent.py:281][0m Average episode reward: 0
[32m[20221122 14:45:53 @hopper_agent.py:283][0m Total time: 265.95560908317566
[32m[20221122 14:45:53 @hopper_agent.py:285][0m 750000 total steps have happened
[32m[20221122 14:45:53 @hopper_agent.py:269][0m #------------------------ Iteration 15 --------------------------#
[32m[20221122 14:45:59 @hopper_agent.py:303][0m Sample time: 6.755951166152954
[32m[20221122 14:46:01 @hopper_agent.py:371][0m |        surr |          kl |         ent |     vf_loss|   weight_l2|
[32m[20221122 14:46:10 @hopper_agent.py:308][0m Update time: 10.839725732803345
[32m[20221122 14:46:11 @hopper_agent.py:313][0m Evaluation time: 1.1888401508331299
[32m[20221122 14:46:11 @hopper_agent.py:281][0m Average episode reward: 0
[32m[20221122 14:46:11 @hopper_agent.py:283][0m Total time: 284.7674050331116
[32m[20221122 14:46:11 @hopper_agent.py:285][0m 800000 total steps have happened
[32m[20221122 14:46:11 @hopper_agent.py:269][0m #------------------------ Iteration 16 --------------------------#
[32m[20221122 14:46:18 @hopper_agent.py:303][0m Sample time: 7.104140996932983
[32m[20221122 14:46:20 @hopper_agent.py:371][0m |        surr |          kl |         ent |     vf_loss|   weight_l2|
[32m[20221122 14:46:29 @hopper_agent.py:308][0m Update time: 10.066781044006348
[32m[20221122 14:46:30 @hopper_agent.py:313][0m Evaluation time: 1.184474229812622
[32m[20221122 14:46:30 @hopper_agent.py:281][0m Average episode reward: 0
[32m[20221122 14:46:30 @hopper_agent.py:283][0m Total time: 303.1486132144928
[32m[20221122 14:46:30 @hopper_agent.py:285][0m 850000 total steps have happened
[32m[20221122 14:46:30 @hopper_agent.py:269][0m #------------------------ Iteration 17 --------------------------#
[32m[20221122 14:46:37 @hopper_agent.py:303][0m Sample time: 6.893705129623413
[32m[20221122 14:46:38 @hopper_agent.py:371][0m |        surr |          kl |         ent |     vf_loss|   weight_l2|
[32m[20221122 14:46:47 @hopper_agent.py:308][0m Update time: 10.658565759658813
[32m[20221122 14:46:48 @hopper_agent.py:313][0m Evaluation time: 1.1523001194000244
[32m[20221122 14:46:48 @hopper_agent.py:281][0m Average episode reward: 0
[32m[20221122 14:46:48 @hopper_agent.py:283][0m Total time: 321.8798761367798
[32m[20221122 14:46:49 @hopper_agent.py:285][0m 900000 total steps have happened
[32m[20221122 14:46:49 @hopper_agent.py:269][0m #------------------------ Iteration 18 --------------------------#
[32m[20221122 14:46:55 @hopper_agent.py:303][0m Sample time: 6.613669157028198
[32m[20221122 14:46:56 @hopper_agent.py:371][0m |        surr |          kl |         ent |     vf_loss|   weight_l2|
[32m[20221122 14:47:05 @hopper_agent.py:308][0m Update time: 10.159240961074829
[32m[20221122 14:47:07 @hopper_agent.py:313][0m Evaluation time: 1.2521438598632812
[32m[20221122 14:47:07 @hopper_agent.py:281][0m Average episode reward: 0
[32m[20221122 14:47:07 @hopper_agent.py:283][0m Total time: 339.92898416519165
[32m[20221122 14:47:07 @hopper_agent.py:285][0m 950000 total steps have happened
[32m[20221122 14:47:07 @hopper_agent.py:269][0m #------------------------ Iteration 19 --------------------------#
[32m[20221122 14:47:13 @hopper_agent.py:303][0m Sample time: 6.770746946334839
[32m[20221122 14:47:15 @hopper_agent.py:371][0m |        surr |          kl |         ent |     vf_loss|   weight_l2|
[32m[20221122 14:47:24 @hopper_agent.py:308][0m Update time: 10.60281491279602
[32m[20221122 14:47:25 @hopper_agent.py:313][0m Evaluation time: 1.242182970046997
[32m[20221122 14:47:25 @hopper_agent.py:281][0m Average episode reward: 0
[32m[20221122 14:47:25 @hopper_agent.py:283][0m Total time: 358.5663809776306
[32m[20221122 14:47:25 @hopper_agent.py:285][0m 1000000 total steps have happened
[32m[20221122 14:47:25 @hopper_agent.py:269][0m #------------------------ Iteration 20 --------------------------#
[32m[20221122 14:47:32 @hopper_agent.py:303][0m Sample time: 6.825371265411377
[32m[20221122 14:47:33 @hopper_agent.py:371][0m |        surr |          kl |         ent |     vf_loss|   weight_l2|
[32m[20221122 14:47:42 @hopper_agent.py:308][0m Update time: 9.97751498222351
[32m[20221122 14:47:43 @hopper_agent.py:313][0m Evaluation time: 1.4066219329833984
[32m[20221122 14:47:43 @hopper_agent.py:281][0m Average episode reward: 0
[32m[20221122 14:47:43 @hopper_agent.py:283][0m Total time: 376.79436326026917
[32m[20221122 14:47:43 @hopper_agent.py:285][0m 1050000 total steps have happened
[32m[20221122 14:47:43 @hopper_agent.py:269][0m #------------------------ Iteration 21 --------------------------#
[32m[20221122 14:47:50 @hopper_agent.py:303][0m Sample time: 6.843485116958618
[32m[20221122 14:47:51 @hopper_agent.py:371][0m |        surr |          kl |         ent |     vf_loss|   weight_l2|
[32m[20221122 14:48:00 @hopper_agent.py:308][0m Update time: 10.051586866378784
[32m[20221122 14:48:02 @hopper_agent.py:313][0m Evaluation time: 1.1991989612579346
[32m[20221122 14:48:02 @hopper_agent.py:281][0m Average episode reward: 0
[32m[20221122 14:48:02 @hopper_agent.py:283][0m Total time: 394.91541719436646
[32m[20221122 14:48:02 @hopper_agent.py:285][0m 1100000 total steps have happened
[32m[20221122 14:48:02 @hopper_agent.py:269][0m #------------------------ Iteration 22 --------------------------#
[32m[20221122 14:48:08 @hopper_agent.py:303][0m Sample time: 6.933263063430786
[32m[20221122 14:48:10 @hopper_agent.py:371][0m |        surr |          kl |         ent |     vf_loss|   weight_l2|
[32m[20221122 14:48:18 @hopper_agent.py:308][0m Update time: 9.745406150817871
[32m[20221122 14:48:19 @hopper_agent.py:313][0m Evaluation time: 1.1878807544708252
[32m[20221122 14:48:19 @hopper_agent.py:281][0m Average episode reward: 0
[32m[20221122 14:48:19 @hopper_agent.py:283][0m Total time: 412.7986900806427
[32m[20221122 14:48:19 @hopper_agent.py:285][0m 1150000 total steps have happened
[32m[20221122 14:48:19 @hopper_agent.py:269][0m #------------------------ Iteration 23 --------------------------#
[32m[20221122 14:48:26 @hopper_agent.py:303][0m Sample time: 6.6057798862457275
[32m[20221122 14:48:27 @hopper_agent.py:371][0m |        surr |          kl |         ent |     vf_loss|   weight_l2|
[32m[20221122 14:48:36 @hopper_agent.py:308][0m Update time: 9.717007160186768
[32m[20221122 14:48:37 @hopper_agent.py:313][0m Evaluation time: 1.204852819442749
[32m[20221122 14:48:37 @hopper_agent.py:281][0m Average episode reward: 0
[32m[20221122 14:48:37 @hopper_agent.py:283][0m Total time: 430.3434512615204
[32m[20221122 14:48:37 @hopper_agent.py:285][0m 1200000 total steps have happened
[32m[20221122 14:48:37 @hopper_agent.py:269][0m #------------------------ Iteration 24 --------------------------#
[32m[20221122 14:48:44 @hopper_agent.py:303][0m Sample time: 6.651677131652832
[32m[20221122 14:48:45 @hopper_agent.py:371][0m |        surr |          kl |         ent |     vf_loss|   weight_l2|
[32m[20221122 14:48:53 @hopper_agent.py:308][0m Update time: 9.64493179321289
[32m[20221122 14:48:54 @hopper_agent.py:313][0m Evaluation time: 1.1962320804595947
[32m[20221122 14:48:54 @hopper_agent.py:281][0m Average episode reward: 0
[32m[20221122 14:48:54 @hopper_agent.py:283][0m Total time: 447.852322101593
[32m[20221122 14:48:54 @hopper_agent.py:285][0m 1250000 total steps have happened
[32m[20221122 14:48:54 @hopper_agent.py:269][0m #------------------------ Iteration 25 --------------------------#
[32m[20221122 14:49:01 @hopper_agent.py:303][0m Sample time: 6.754548072814941
[32m[20221122 14:49:02 @hopper_agent.py:371][0m |        surr |          kl |         ent |     vf_loss|   weight_l2|
[32m[20221122 14:49:12 @hopper_agent.py:308][0m Update time: 10.783145904541016
[32m[20221122 14:49:13 @hopper_agent.py:313][0m Evaluation time: 1.267435073852539
[32m[20221122 14:49:13 @hopper_agent.py:281][0m Average episode reward: 0
[32m[20221122 14:49:13 @hopper_agent.py:283][0m Total time: 466.6818642616272
[32m[20221122 14:49:13 @hopper_agent.py:285][0m 1300000 total steps have happened
[32m[20221122 14:49:13 @hopper_agent.py:269][0m #------------------------ Iteration 26 --------------------------#
[32m[20221122 14:49:20 @hopper_agent.py:303][0m Sample time: 6.913704872131348
[32m[20221122 14:49:22 @hopper_agent.py:371][0m |        surr |          kl |         ent |     vf_loss|   weight_l2|
[32m[20221122 14:49:31 @hopper_agent.py:308][0m Update time: 10.353106021881104
[32m[20221122 14:49:32 @hopper_agent.py:313][0m Evaluation time: 1.1654078960418701
[32m[20221122 14:49:32 @hopper_agent.py:281][0m Average episode reward: 0
[32m[20221122 14:49:32 @hopper_agent.py:283][0m Total time: 485.15381598472595
[32m[20221122 14:49:32 @hopper_agent.py:285][0m 1350000 total steps have happened
[32m[20221122 14:49:32 @hopper_agent.py:269][0m #------------------------ Iteration 27 --------------------------#
[32m[20221122 14:49:38 @hopper_agent.py:303][0m Sample time: 6.724289178848267
[32m[20221122 14:49:40 @hopper_agent.py:371][0m |        surr |          kl |         ent |     vf_loss|   weight_l2|
[32m[20221122 14:49:48 @hopper_agent.py:308][0m Update time: 9.621342897415161
[32m[20221122 14:49:49 @hopper_agent.py:313][0m Evaluation time: 1.178574800491333
[32m[20221122 14:49:49 @hopper_agent.py:281][0m Average episode reward: 0
[32m[20221122 14:49:49 @hopper_agent.py:283][0m Total time: 502.6973512172699
[32m[20221122 14:49:49 @hopper_agent.py:285][0m 1400000 total steps have happened
[32m[20221122 14:49:49 @hopper_agent.py:269][0m #------------------------ Iteration 28 --------------------------#
[32m[20221122 14:49:56 @hopper_agent.py:303][0m Sample time: 6.676769018173218
[32m[20221122 14:49:57 @hopper_agent.py:371][0m |        surr |          kl |         ent |     vf_loss|   weight_l2|
[32m[20221122 14:50:06 @hopper_agent.py:308][0m Update time: 10.088611125946045
[32m[20221122 14:50:07 @hopper_agent.py:313][0m Evaluation time: 1.1609559059143066
[32m[20221122 14:50:07 @hopper_agent.py:281][0m Average episode reward: 0
[32m[20221122 14:50:07 @hopper_agent.py:283][0m Total time: 520.642055273056
[32m[20221122 14:50:07 @hopper_agent.py:285][0m 1450000 total steps have happened
[32m[20221122 14:50:07 @hopper_agent.py:269][0m #------------------------ Iteration 29 --------------------------#
