[32m[20221123 01:43:54 @logger.py:105][0m Log file set to ./tmp/hopper/easy/20221123_014354/log/hopper_easy-20221123_014354.log
[32m[20221123 01:43:54 @hopper_agent.py:371][0m #------------------------ Iteration 0 --------------------------#
[32m[20221123 01:43:57 @hopper_agent.py:248][0m agent 0 avg episode training reward: 8.962755794409293
[32m[20221123 01:43:57 @hopper_agent.py:248][0m agent 2 avg episode training reward: 7.397802145088697
[32m[20221123 01:43:57 @hopper_agent.py:248][0m agent 1 avg episode training reward: 10.85277856982669
[32m[20221123 01:43:59 @hopper_agent.py:403][0m Sample time: 4.703790187835693
[32m[20221123 01:44:09 @hopper_agent.py:408][0m Update time: 9.80670690536499
[32m[20221123 01:44:09 @hopper_agent.py:248][0m agent 0 avg episode training reward: 0.0
[32m[20221123 01:44:09 @hopper_agent.py:248][0m agent 1 avg episode training reward: 0.0
[32m[20221123 01:44:09 @hopper_agent.py:248][0m agent 2 avg episode training reward: 0.0
[32m[20221123 01:44:10 @hopper_agent.py:413][0m Evaluation time: 1.0880067348480225
[32m[20221123 01:44:10 @hopper_agent.py:378][0m [4m[34mCRITICAL[0m Get the best episode reward: 0
[32m[20221123 01:44:10 @hopper_agent.py:356][0m [4m[34mCRITICAL[0m Saving the best checkpoint with rewards 0.00
[32m[20221123 01:44:10 @hopper_agent.py:385][0m Total time: 15.858542680740356
[32m[20221123 01:44:10 @hopper_agent.py:387][0m 50000 total steps have happened
[32m[20221123 01:44:10 @hopper_agent.py:371][0m #------------------------ Iteration 1 --------------------------#
[32m[20221123 01:44:12 @hopper_agent.py:248][0m agent 0 avg episode training reward: 5.9557291777866945
[32m[20221123 01:44:13 @hopper_agent.py:248][0m agent 1 avg episode training reward: 6.022572646328389
[32m[20221123 01:44:13 @hopper_agent.py:248][0m agent 2 avg episode training reward: 5.837110530230028
[32m[20221123 01:44:15 @hopper_agent.py:403][0m Sample time: 5.076575040817261
[32m[20221123 01:44:25 @hopper_agent.py:408][0m Update time: 9.688342094421387
[32m[20221123 01:44:25 @hopper_agent.py:248][0m agent 0 avg episode training reward: 2.248794248712814
[32m[20221123 01:44:25 @hopper_agent.py:248][0m agent 1 avg episode training reward: 2.248794248712814
[32m[20221123 01:44:25 @hopper_agent.py:248][0m agent 2 avg episode training reward: 2.248794248712814
[32m[20221123 01:44:26 @hopper_agent.py:413][0m Evaluation time: 1.0623390674591064
[32m[20221123 01:44:26 @hopper_agent.py:382][0m Average TRAINING episode reward: 5.938470784781704
[32m[20221123 01:44:26 @hopper_agent.py:383][0m Average EVALUATION episode reward: 0
[32m[20221123 01:44:26 @hopper_agent.py:385][0m Total time: 31.90239381790161
[32m[20221123 01:44:26 @hopper_agent.py:387][0m 100000 total steps have happened
[32m[20221123 01:44:26 @hopper_agent.py:371][0m #------------------------ Iteration 2 --------------------------#
[32m[20221123 01:44:28 @hopper_agent.py:248][0m agent 0 avg episode training reward: 6.192498007712069
[32m[20221123 01:44:29 @hopper_agent.py:248][0m agent 1 avg episode training reward: 7.6953552344174705
[32m[20221123 01:44:29 @hopper_agent.py:248][0m agent 2 avg episode training reward: 7.732563957800414
[32m[20221123 01:44:31 @hopper_agent.py:403][0m Sample time: 5.211647987365723
