[32m[20221123 02:24:00 @logger.py:105][0m Log file set to ./tmp/hopper/easy/20221123_022359/log/hopper_easy-20221123_022359.log
[32m[20221123 02:24:00 @hopper_agent.py:268][0m #------------------------ Iteration 0 --------------------------#
[32m[20221123 02:24:01 @hopper_agent.py:145][0m agent 0 avg episode training reward: 0.0
[32m[20221123 02:24:01 @hopper_agent.py:145][0m agent 1 avg episode training reward: 0.0
[32m[20221123 02:24:01 @hopper_agent.py:145][0m agent 3 avg episode training reward: 0.0
[32m[20221123 02:24:01 @hopper_agent.py:145][0m agent 8 avg episode training reward: 0.0
[32m[20221123 02:24:01 @hopper_agent.py:145][0m agent 4 avg episode training reward: 0.0
[32m[20221123 02:24:01 @hopper_agent.py:145][0m agent 9 avg episode training reward: 0.0
[32m[20221123 02:24:01 @hopper_agent.py:145][0m agent 2 avg episode training reward: 0.0
[32m[20221123 02:24:01 @hopper_agent.py:145][0m agent 7 avg episode training reward: 0.0
[32m[20221123 02:24:01 @hopper_agent.py:145][0m agent 5 avg episode training reward: 0.0
[32m[20221123 02:24:01 @hopper_agent.py:145][0m agent 6 avg episode training reward: 0.0
[32m[20221123 02:24:03 @hopper_agent.py:300][0m Sample time: 3.903723955154419
[32m[20221123 02:24:13 @hopper_agent.py:305][0m Update time: 9.42277193069458
[32m[20221123 02:24:13 @hopper_agent.py:145][0m agent 1 avg episode training reward: 0.0
[32m[20221123 02:24:13 @hopper_agent.py:145][0m agent 2 avg episode training reward: 0.0
[32m[20221123 02:24:13 @hopper_agent.py:145][0m agent 3 avg episode training reward: 0.0
[32m[20221123 02:24:13 @hopper_agent.py:145][0m agent 4 avg episode training reward: 0.0
[32m[20221123 02:24:13 @hopper_agent.py:145][0m agent 5 avg episode training reward: 0.0
[32m[20221123 02:24:13 @hopper_agent.py:145][0m agent 6 avg episode training reward: 0.0
[32m[20221123 02:24:13 @hopper_agent.py:145][0m agent 7 avg episode training reward: 0.0
[32m[20221123 02:24:13 @hopper_agent.py:145][0m agent 0 avg episode training reward: 0.0
[32m[20221123 02:24:13 @hopper_agent.py:145][0m agent 8 avg episode training reward: 0.0
[32m[20221123 02:24:13 @hopper_agent.py:145][0m agent 9 avg episode training reward: 0.0
[32m[20221123 02:24:14 @hopper_agent.py:310][0m Evaluation time: 0.900860071182251
[32m[20221123 02:24:14 @hopper_agent.py:275][0m [4m[34mCRITICAL[0m Get the best episode reward: 0
[32m[20221123 02:24:14 @hopper_agent.py:253][0m [4m[34mCRITICAL[0m Saving the best checkpoint with rewards 0.00
[32m[20221123 02:24:14 @hopper_agent.py:282][0m Total time: 14.567487001419067
[32m[20221123 02:24:14 @hopper_agent.py:284][0m 50000 total steps have happened
[32m[20221123 02:24:14 @hopper_agent.py:268][0m #------------------------ Iteration 1 --------------------------#
[32m[20221123 02:24:15 @hopper_agent.py:145][0m agent 0 avg episode training reward: 12.509955720534924
[32m[20221123 02:24:16 @hopper_agent.py:145][0m agent 5 avg episode training reward: 11.06191668004962
[32m[20221123 02:24:16 @hopper_agent.py:145][0m agent 3 avg episode training reward: 15.2668203238128
[32m[20221123 02:24:16 @hopper_agent.py:145][0m agent 2 avg episode training reward: 8.75941127919268
[32m[20221123 02:24:16 @hopper_agent.py:145][0m agent 6 avg episode training reward: 7.6898405295215415
[32m[20221123 02:24:16 @hopper_agent.py:145][0m agent 9 avg episode training reward: 9.619228106050848
[32m[20221123 02:24:16 @hopper_agent.py:145][0m agent 7 avg episode training reward: 8.000482768401532
[32m[20221123 02:24:16 @hopper_agent.py:145][0m agent 1 avg episode training reward: 10.841993933991173
[32m[20221123 02:24:16 @hopper_agent.py:145][0m agent 4 avg episode training reward: 11.387648843625996
[32m[20221123 02:24:16 @hopper_agent.py:145][0m agent 8 avg episode training reward: 10.717167595580399
