[32m[20221123 00:52:31 @logger.py:105][0m Log file set to ./tmp/hopper/easy/20221123_005231/log/hopper_easy-20221123_005231.log
[32m[20221123 00:52:31 @hopper_agent.py:314][0m #------------------------ Iteration 0 --------------------------#
[32m[20221123 00:52:37 @hopper_agent.py:191][0m agent avg episode training reward: 2.0957284673838386
[32m[20221123 00:52:37 @hopper_agent.py:346][0m Sample time: 6.282674789428711
[32m[20221123 00:52:48 @hopper_agent.py:351][0m Update time: 10.617398023605347
[32m[20221123 00:52:48 @hopper_agent.py:357][0m Evaluation time: 0.15381407737731934
[32m[20221123 00:52:48 @hopper_agent.py:321][0m [4m[34mCRITICAL[0m Get the best episode reward: 0
[32m[20221123 00:52:48 @hopper_agent.py:299][0m [4m[34mCRITICAL[0m Saving the best checkpoint with rewards 0.00
[32m[20221123 00:52:48 @hopper_agent.py:328][0m Total time: 17.137272834777832
[32m[20221123 00:52:48 @hopper_agent.py:330][0m 50000 total steps have happened
[32m[20221123 00:52:48 @hopper_agent.py:314][0m #------------------------ Iteration 1 --------------------------#
[32m[20221123 00:52:55 @hopper_agent.py:191][0m agent avg episode training reward: 6.254268685811229
[32m[20221123 00:52:55 @hopper_agent.py:346][0m Sample time: 6.840263843536377
[32m[20221123 00:53:05 @hopper_agent.py:351][0m Update time: 10.016496896743774
[32m[20221123 00:53:05 @hopper_agent.py:357][0m Evaluation time: 0.13256287574768066
[32m[20221123 00:53:05 @hopper_agent.py:325][0m Average TRAINING episode reward: 6.254268685811229
[32m[20221123 00:53:05 @hopper_agent.py:326][0m Average EVALUATION episode reward: 0
[32m[20221123 00:53:05 @hopper_agent.py:328][0m Total time: 34.144394874572754
[32m[20221123 00:53:05 @hopper_agent.py:330][0m 100000 total steps have happened
[32m[20221123 00:53:05 @hopper_agent.py:314][0m #------------------------ Iteration 2 --------------------------#
[32m[20221123 00:53:11 @hopper_agent.py:191][0m agent avg episode training reward: 4.172729170882812
[32m[20221123 00:53:12 @hopper_agent.py:346][0m Sample time: 6.723623037338257
[32m[20221123 00:53:22 @hopper_agent.py:351][0m Update time: 10.328289985656738
[32m[20221123 00:53:22 @hopper_agent.py:357][0m Evaluation time: 0.1318671703338623
[32m[20221123 00:53:22 @hopper_agent.py:325][0m Average TRAINING episode reward: 4.172729170882812
[32m[20221123 00:53:22 @hopper_agent.py:326][0m Average EVALUATION episode reward: 0
[32m[20221123 00:53:22 @hopper_agent.py:328][0m Total time: 51.34377384185791
[32m[20221123 00:53:22 @hopper_agent.py:330][0m 150000 total steps have happened
[32m[20221123 00:53:22 @hopper_agent.py:314][0m #------------------------ Iteration 3 --------------------------#
