[32m[20221203 19:25:36 @logger.py:105][0m Log file set to ./tmp/pendulum/swingup/20221203_192536/log/pendulum_swingup-20221203_192536.log
[32m[20221203 19:25:36 @pendulum_agent.py:123][0m #------------------------ Iteration 0 --------------------------#
[32m[20221203 19:25:36 @agent_ppo2.py:62][0m Sample time: 0.33063721656799316
[32m[20221203 19:25:38 @agent_ppo2.py:67][0m Update time: 2.0813257694244385
[32m[20221203 19:25:39 @agent_ppo2.py:72][0m Evaluation time: 0.5160510540008545
[32m[20221203 19:25:39 @pendulum_agent.py:127][0m Average TRAINING episode reward: 0.0
[32m[20221203 19:25:39 @pendulum_agent.py:128][0m Average EVALUATION episode reward: 0.0
[32m[20221203 19:25:39 @pendulum_agent.py:110][0m [4m[34mCRITICAL[0m Get the best episode reward: 0.0
[32m[20221203 19:25:39 @pendulum_agent.py:114][0m [4m[34mCRITICAL[0m Saving the best checkpoint with rewards 0.00
[32m[20221203 19:25:39 @pendulum_agent.py:131][0m Total time: 2.933260679244995
[32m[20221203 19:25:39 @pendulum_agent.py:133][0m 5000 total steps have happened
[32m[20221203 19:25:39 @pendulum_agent.py:123][0m #------------------------ Iteration 1 --------------------------#
[32m[20221203 19:25:39 @agent_ppo2.py:62][0m Sample time: 0.28711867332458496
[32m[20221203 19:25:41 @agent_ppo2.py:67][0m Update time: 2.075362205505371
[32m[20221203 19:25:42 @agent_ppo2.py:72][0m Evaluation time: 0.5536110401153564
[32m[20221203 19:25:42 @pendulum_agent.py:127][0m Average TRAINING episode reward: 0.0
[32m[20221203 19:25:42 @pendulum_agent.py:128][0m Average EVALUATION episode reward: 0.1
[32m[20221203 19:25:42 @pendulum_agent.py:110][0m [4m[34mCRITICAL[0m Get the best episode reward: 0.1
[32m[20221203 19:25:42 @pendulum_agent.py:114][0m [4m[34mCRITICAL[0m Saving the best checkpoint with rewards 0.10
[32m[20221203 19:25:42 @pendulum_agent.py:131][0m Total time: 2.9226059913635254
[32m[20221203 19:25:42 @pendulum_agent.py:133][0m 10000 total steps have happened
[32m[20221203 19:25:42 @pendulum_agent.py:123][0m #------------------------ Iteration 2 --------------------------#
[32m[20221203 19:25:42 @agent_ppo2.py:62][0m Sample time: 0.30444884300231934
