[32m[20221124 21:06:41 @logger.py:105][0m Log file set to ./tmp/pendulum/swingup/20221124_210641/log/pendulum_swingup-20221124_210641.log
[32m[20221124 21:06:41 @hopper_agent.py:269][0m #------------------------ Iteration 0 --------------------------#
[32m[20221124 21:06:42 @hopper_agent.py:144][0m agent 0 avg episode training reward: 4.098530607402728
[32m[20221124 21:06:42 @hopper_agent.py:144][0m agent 4 avg episode training reward: 4.649331040564922
[32m[20221124 21:06:42 @hopper_agent.py:144][0m agent 1 avg episode training reward: 3.7988067289766088
[32m[20221124 21:06:42 @hopper_agent.py:144][0m agent 8 avg episode training reward: 1.2526703891101694
[32m[20221124 21:06:42 @hopper_agent.py:144][0m agent 7 avg episode training reward: 3.9873334276541414
[32m[20221124 21:06:42 @hopper_agent.py:144][0m agent 6 avg episode training reward: 3.762977732691796
[32m[20221124 21:06:42 @hopper_agent.py:144][0m agent 9 avg episode training reward: 1.2530466272260403
[32m[20221124 21:06:42 @hopper_agent.py:144][0m agent 5 avg episode training reward: 1.0940136082123484
[32m[20221124 21:06:42 @hopper_agent.py:144][0m agent 2 avg episode training reward: 0.7212021566482776
[32m[20221124 21:06:42 @hopper_agent.py:144][0m agent 3 avg episode training reward: 5.906053237170532
[32m[20221124 21:06:44 @hopper_agent.py:301][0m Sample time: 3.7085938453674316
[32m[20221124 21:06:54 @hopper_agent.py:306][0m Update time: 9.76889705657959
[32m[20221124 21:06:54 @hopper_agent.py:144][0m agent 1 avg episode training reward: 0.0
[32m[20221124 21:06:54 @hopper_agent.py:144][0m agent 2 avg episode training reward: 0.0
[32m[20221124 21:06:55 @hopper_agent.py:144][0m agent 4 avg episode training reward: 0.0
[32m[20221124 21:06:55 @hopper_agent.py:144][0m agent 5 avg episode training reward: 0.0
[32m[20221124 21:06:55 @hopper_agent.py:144][0m agent 3 avg episode training reward: 0.0
[32m[20221124 21:06:55 @hopper_agent.py:144][0m agent 6 avg episode training reward: 0.0
[32m[20221124 21:06:55 @hopper_agent.py:144][0m agent 0 avg episode training reward: 0.0
[32m[20221124 21:06:55 @hopper_agent.py:144][0m agent 7 avg episode training reward: 0.0
[32m[20221124 21:06:55 @hopper_agent.py:144][0m agent 9 avg episode training reward: 0.0
[32m[20221124 21:06:55 @hopper_agent.py:144][0m agent 8 avg episode training reward: 0.0
[32m[20221124 21:06:55 @hopper_agent.py:311][0m Evaluation time: 0.7827861309051514
[32m[20221124 21:06:55 @hopper_agent.py:276][0m [4m[34mCRITICAL[0m Get the best episode reward: 0
[32m[20221124 21:06:55 @hopper_agent.py:254][0m [4m[34mCRITICAL[0m Saving the best checkpoint with rewards 0.00
[32m[20221124 21:06:55 @hopper_agent.py:283][0m Total time: 14.575960636138916
[32m[20221124 21:06:55 @hopper_agent.py:285][0m 50000 total steps have happened
[32m[20221124 21:06:55 @hopper_agent.py:269][0m #------------------------ Iteration 1 --------------------------#
[32m[20221124 21:06:56 @hopper_agent.py:144][0m agent 2 avg episode training reward: 0.17668688269987964
[32m[20221124 21:06:56 @hopper_agent.py:144][0m agent 7 avg episode training reward: 3.0278517526169915
[32m[20221124 21:06:56 @hopper_agent.py:144][0m agent 3 avg episode training reward: 0.8920930072978047
[32m[20221124 21:06:56 @hopper_agent.py:144][0m agent 8 avg episode training reward: 0.0
[32m[20221124 21:06:56 @hopper_agent.py:144][0m agent 5 avg episode training reward: 1.0936200575775883
[32m[20221124 21:06:56 @hopper_agent.py:144][0m agent 9 avg episode training reward: 0.0
[32m[20221124 21:06:56 @hopper_agent.py:144][0m agent 1 avg episode training reward: 4.239282027903942
[32m[20221124 21:06:56 @hopper_agent.py:144][0m agent 0 avg episode training reward: 4.312064977749702
[32m[20221124 21:06:56 @hopper_agent.py:144][0m agent 6 avg episode training reward: 0.16696242483816062
[32m[20221124 21:06:57 @hopper_agent.py:144][0m agent 4 avg episode training reward: 0.0
[32m[20221124 21:06:59 @hopper_agent.py:301][0m Sample time: 3.833662986755371
[32m[20221124 21:07:09 @hopper_agent.py:306][0m Update time: 10.079977989196777
[32m[20221124 21:07:09 @hopper_agent.py:144][0m agent 1 avg episode training reward: 0.0
[32m[20221124 21:07:09 @hopper_agent.py:144][0m agent 2 avg episode training reward: 0.0
[32m[20221124 21:07:09 @hopper_agent.py:144][0m agent 3 avg episode training reward: 0.0
[32m[20221124 21:07:09 @hopper_agent.py:144][0m agent 7 avg episode training reward: 0.0
[32m[20221124 21:07:10 @hopper_agent.py:144][0m agent 5 avg episode training reward: 0.0
[32m[20221124 21:07:10 @hopper_agent.py:144][0m agent 6 avg episode training reward: 0.0
[32m[20221124 21:07:10 @hopper_agent.py:144][0m agent 4 avg episode training reward: 0.0
[32m[20221124 21:07:10 @hopper_agent.py:144][0m agent 8 avg episode training reward: 0.0
[32m[20221124 21:07:10 @hopper_agent.py:144][0m agent 9 avg episode training reward: 0.0
[32m[20221124 21:07:10 @hopper_agent.py:144][0m agent 0 avg episode training reward: 0.0
[32m[20221124 21:07:10 @hopper_agent.py:311][0m Evaluation time: 1.0056631565093994
[32m[20221124 21:07:11 @hopper_agent.py:280][0m Average TRAINING episode reward: 1.3908561130684072
[32m[20221124 21:07:11 @hopper_agent.py:281][0m Average EVALUATION episode reward: 0
[32m[20221124 21:07:11 @hopper_agent.py:283][0m Total time: 29.810727834701538
[32m[20221124 21:07:11 @hopper_agent.py:285][0m 100000 total steps have happened
[32m[20221124 21:07:11 @hopper_agent.py:269][0m #------------------------ Iteration 2 --------------------------#
[32m[20221124 21:07:12 @hopper_agent.py:144][0m agent 0 avg episode training reward: 2.6083225784822845
[32m[20221124 21:07:12 @hopper_agent.py:144][0m agent 9 avg episode training reward: 3.7519738112095893
[32m[20221124 21:07:12 @hopper_agent.py:144][0m agent 4 avg episode training reward: 2.195569855717626
[32m[20221124 21:07:12 @hopper_agent.py:144][0m agent 1 avg episode training reward: 2.731902241086572
[32m[20221124 21:07:12 @hopper_agent.py:144][0m agent 6 avg episode training reward: 1.7946767374609098
[32m[20221124 21:07:12 @hopper_agent.py:144][0m agent 2 avg episode training reward: 2.538958829813743
[32m[20221124 21:07:12 @hopper_agent.py:144][0m agent 5 avg episode training reward: 2.4984831909289857
[32m[20221124 21:07:12 @hopper_agent.py:144][0m agent 7 avg episode training reward: 2.8716448100142777
[32m[20221124 21:07:12 @hopper_agent.py:144][0m agent 8 avg episode training reward: 2.828352194946384
[32m[20221124 21:07:12 @hopper_agent.py:144][0m agent 3 avg episode training reward: 3.583884423245016
