[32m[20221122 17:30:07 @logger.py:105][0m Log file set to ./tmp/hopper/easy/20221122_173007/log/hopper_easy-20221122_173007.log
[32m[20221122 17:30:07 @hopper_agent.py:268][0m #------------------------ Iteration 0 --------------------------#
[32m[20221122 17:30:13 @hopper_agent.py:299][0m Sample time: 6.263680696487427
[32m[20221122 17:30:14 @hopper_agent.py:358][0m |        surr |          kl |         ent |     vf_loss|   weight_l2|
[32m[20221122 17:30:23 @hopper_agent.py:304][0m Update time: 9.756278991699219
[32m[20221122 17:30:24 @hopper_agent.py:309][0m Evaluation time: 1.1417362689971924
[32m[20221122 17:30:24 @hopper_agent.py:275][0m [4m[34mCRITICAL[0m Get the best episode reward: 0
[32m[20221122 17:30:24 @hopper_agent.py:253][0m [4m[34mCRITICAL[0m Saving the best checkpoint with rewards 0.00
[32m[20221122 17:30:24 @hopper_agent.py:281][0m Total time: 17.24834895133972
[32m[20221122 17:30:24 @hopper_agent.py:283][0m 50000 total steps have happened
[32m[20221122 17:30:24 @hopper_agent.py:268][0m #------------------------ Iteration 1 --------------------------#
[32m[20221122 17:30:31 @hopper_agent.py:299][0m Sample time: 6.551494121551514
[32m[20221122 17:30:32 @hopper_agent.py:358][0m |        surr |          kl |         ent |     vf_loss|   weight_l2|
[32m[20221122 17:30:41 @hopper_agent.py:304][0m Update time: 9.856421947479248
[32m[20221122 17:30:42 @hopper_agent.py:309][0m Evaluation time: 1.1499230861663818
[32m[20221122 17:30:42 @hopper_agent.py:279][0m Average episode reward: 0
[32m[20221122 17:30:42 @hopper_agent.py:281][0m Total time: 34.82498097419739
[32m[20221122 17:30:42 @hopper_agent.py:283][0m 100000 total steps have happened
[32m[20221122 17:30:42 @hopper_agent.py:268][0m #------------------------ Iteration 2 --------------------------#
[32m[20221122 17:30:48 @hopper_agent.py:299][0m Sample time: 6.558894157409668
[32m[20221122 17:30:49 @hopper_agent.py:358][0m |        surr |          kl |         ent |     vf_loss|   weight_l2|
[32m[20221122 17:30:58 @hopper_agent.py:304][0m Update time: 10.14087200164795
[32m[20221122 17:31:00 @hopper_agent.py:309][0m Evaluation time: 1.2188341617584229
[32m[20221122 17:31:00 @hopper_agent.py:279][0m Average episode reward: 0
[32m[20221122 17:31:00 @hopper_agent.py:281][0m Total time: 52.7608597278595
[32m[20221122 17:31:00 @hopper_agent.py:283][0m 150000 total steps have happened
[32m[20221122 17:31:00 @hopper_agent.py:268][0m #------------------------ Iteration 3 --------------------------#
[32m[20221122 17:31:06 @hopper_agent.py:299][0m Sample time: 6.721511125564575
[32m[20221122 17:31:08 @hopper_agent.py:358][0m |        surr |          kl |         ent |     vf_loss|   weight_l2|
[32m[20221122 17:31:16 @hopper_agent.py:304][0m Update time: 9.739800930023193
[32m[20221122 17:31:17 @hopper_agent.py:309][0m Evaluation time: 1.1900880336761475
[32m[20221122 17:31:17 @hopper_agent.py:279][0m Average episode reward: 0
[32m[20221122 17:31:17 @hopper_agent.py:281][0m Total time: 70.42994689941406
[32m[20221122 17:31:17 @hopper_agent.py:283][0m 200000 total steps have happened
[32m[20221122 17:31:17 @hopper_agent.py:268][0m #------------------------ Iteration 4 --------------------------#
[32m[20221122 17:31:24 @hopper_agent.py:299][0m Sample time: 6.557466983795166
[32m[20221122 17:31:25 @hopper_agent.py:358][0m |        surr |          kl |         ent |     vf_loss|   weight_l2|
[32m[20221122 17:31:34 @hopper_agent.py:304][0m Update time: 9.800642967224121
[32m[20221122 17:31:35 @hopper_agent.py:309][0m Evaluation time: 1.186488151550293
[32m[20221122 17:31:35 @hopper_agent.py:279][0m Average episode reward: 0
[32m[20221122 17:31:35 @hopper_agent.py:281][0m Total time: 87.99004888534546
[32m[20221122 17:31:35 @hopper_agent.py:283][0m 250000 total steps have happened
[32m[20221122 17:31:35 @hopper_agent.py:268][0m #------------------------ Iteration 5 --------------------------#
[32m[20221122 17:31:41 @hopper_agent.py:299][0m Sample time: 6.55513596534729
[32m[20221122 17:31:43 @hopper_agent.py:358][0m |        surr |          kl |         ent |     vf_loss|   weight_l2|
[32m[20221122 17:31:51 @hopper_agent.py:304][0m Update time: 9.789692878723145
[32m[20221122 17:31:52 @hopper_agent.py:309][0m Evaluation time: 1.1857941150665283
[32m[20221122 17:31:52 @hopper_agent.py:279][0m Average episode reward: 0
[32m[20221122 17:31:52 @hopper_agent.py:281][0m Total time: 105.53612995147705
[32m[20221122 17:31:52 @hopper_agent.py:283][0m 300000 total steps have happened
[32m[20221122 17:31:52 @hopper_agent.py:268][0m #------------------------ Iteration 6 --------------------------#
[32m[20221122 17:31:59 @hopper_agent.py:299][0m Sample time: 6.564893007278442
[32m[20221122 17:32:00 @hopper_agent.py:358][0m |        surr |          kl |         ent |     vf_loss|   weight_l2|
[32m[20221122 17:32:09 @hopper_agent.py:304][0m Update time: 9.838251829147339
[32m[20221122 17:32:10 @hopper_agent.py:309][0m Evaluation time: 1.1860032081604004
[32m[20221122 17:32:10 @hopper_agent.py:279][0m Average episode reward: 0
[32m[20221122 17:32:10 @hopper_agent.py:281][0m Total time: 123.1419026851654
[32m[20221122 17:32:10 @hopper_agent.py:283][0m 350000 total steps have happened
[32m[20221122 17:32:10 @hopper_agent.py:268][0m #------------------------ Iteration 7 --------------------------#
[32m[20221122 17:32:17 @hopper_agent.py:299][0m Sample time: 6.570260047912598
[32m[20221122 17:32:18 @hopper_agent.py:358][0m |        surr |          kl |         ent |     vf_loss|   weight_l2|
[32m[20221122 17:32:26 @hopper_agent.py:304][0m Update time: 9.800594091415405
[32m[20221122 17:32:28 @hopper_agent.py:309][0m Evaluation time: 1.1884019374847412
[32m[20221122 17:32:28 @hopper_agent.py:279][0m Average episode reward: 0
[32m[20221122 17:32:28 @hopper_agent.py:281][0m Total time: 140.717946767807
[32m[20221122 17:32:28 @hopper_agent.py:283][0m 400000 total steps have happened
[32m[20221122 17:32:28 @hopper_agent.py:268][0m #------------------------ Iteration 8 --------------------------#
[32m[20221122 17:32:34 @hopper_agent.py:299][0m Sample time: 6.548825025558472
[32m[20221122 17:32:35 @hopper_agent.py:358][0m |        surr |          kl |         ent |     vf_loss|   weight_l2|
[32m[20221122 17:32:44 @hopper_agent.py:304][0m Update time: 9.795601844787598
[32m[20221122 17:32:45 @hopper_agent.py:309][0m Evaluation time: 1.1499571800231934
[32m[20221122 17:32:45 @hopper_agent.py:279][0m Average episode reward: 0
[32m[20221122 17:32:45 @hopper_agent.py:281][0m Total time: 158.22708988189697
[32m[20221122 17:32:45 @hopper_agent.py:283][0m 450000 total steps have happened
[32m[20221122 17:32:45 @hopper_agent.py:268][0m #------------------------ Iteration 9 --------------------------#
[32m[20221122 17:32:52 @hopper_agent.py:299][0m Sample time: 6.597692251205444
[32m[20221122 17:32:53 @hopper_agent.py:358][0m |        surr |          kl |         ent |     vf_loss|   weight_l2|
[32m[20221122 17:33:01 @hopper_agent.py:304][0m Update time: 9.732705116271973
[32m[20221122 17:33:03 @hopper_agent.py:309][0m Evaluation time: 1.1468899250030518
[32m[20221122 17:33:03 @hopper_agent.py:279][0m Average episode reward: 0
[32m[20221122 17:33:03 @hopper_agent.py:281][0m Total time: 175.72047901153564
[32m[20221122 17:33:03 @hopper_agent.py:283][0m 500000 total steps have happened
[32m[20221122 17:33:03 @hopper_agent.py:268][0m #------------------------ Iteration 10 --------------------------#
[32m[20221122 17:33:09 @hopper_agent.py:299][0m Sample time: 6.567924976348877
[32m[20221122 17:33:10 @hopper_agent.py:358][0m |        surr |          kl |         ent |     vf_loss|   weight_l2|
[32m[20221122 17:33:19 @hopper_agent.py:304][0m Update time: 9.785227060317993
[32m[20221122 17:33:20 @hopper_agent.py:309][0m Evaluation time: 1.1423020362854004
[32m[20221122 17:33:20 @hopper_agent.py:279][0m Average episode reward: 0
[32m[20221122 17:33:20 @hopper_agent.py:281][0m Total time: 193.23317503929138
[32m[20221122 17:33:20 @hopper_agent.py:283][0m 550000 total steps have happened
[32m[20221122 17:33:20 @hopper_agent.py:268][0m #------------------------ Iteration 11 --------------------------#
[32m[20221122 17:33:27 @hopper_agent.py:299][0m Sample time: 6.578303098678589
[32m[20221122 17:33:28 @hopper_agent.py:358][0m |        surr |          kl |         ent |     vf_loss|   weight_l2|
[32m[20221122 17:33:37 @hopper_agent.py:304][0m Update time: 9.894794940948486
[32m[20221122 17:33:38 @hopper_agent.py:309][0m Evaluation time: 1.1479332447052002
[32m[20221122 17:33:38 @hopper_agent.py:279][0m Average episode reward: 0
[32m[20221122 17:33:38 @hopper_agent.py:281][0m Total time: 210.86985182762146
[32m[20221122 17:33:38 @hopper_agent.py:283][0m 600000 total steps have happened
[32m[20221122 17:33:38 @hopper_agent.py:268][0m #------------------------ Iteration 12 --------------------------#
[32m[20221122 17:33:44 @hopper_agent.py:299][0m Sample time: 6.567350149154663
[32m[20221122 17:33:45 @hopper_agent.py:358][0m |        surr |          kl |         ent |     vf_loss|   weight_l2|
[32m[20221122 17:33:54 @hopper_agent.py:304][0m Update time: 9.749875783920288
[32m[20221122 17:33:55 @hopper_agent.py:309][0m Evaluation time: 1.1406641006469727
[32m[20221122 17:33:55 @hopper_agent.py:279][0m Average episode reward: 0
[32m[20221122 17:33:55 @hopper_agent.py:281][0m Total time: 228.34343695640564
[32m[20221122 17:33:55 @hopper_agent.py:283][0m 650000 total steps have happened
[32m[20221122 17:33:55 @hopper_agent.py:268][0m #------------------------ Iteration 13 --------------------------#
[32m[20221122 17:34:02 @hopper_agent.py:299][0m Sample time: 6.59431791305542
[32m[20221122 17:34:03 @hopper_agent.py:358][0m |        surr |          kl |         ent |     vf_loss|   weight_l2|
[32m[20221122 17:34:12 @hopper_agent.py:304][0m Update time: 10.007954120635986
[32m[20221122 17:34:13 @hopper_agent.py:309][0m Evaluation time: 1.226473093032837
[32m[20221122 17:34:13 @hopper_agent.py:279][0m Average episode reward: 0
[32m[20221122 17:34:13 @hopper_agent.py:281][0m Total time: 246.1902358531952
[32m[20221122 17:34:13 @hopper_agent.py:283][0m 700000 total steps have happened
[32m[20221122 17:34:13 @hopper_agent.py:268][0m #------------------------ Iteration 14 --------------------------#
