[32m[20221129 14:46:28 @logger.py:105][0m Log file set to ./tmp/pendulum/swingup/20221129_144628/log/pendulum_swingup-20221129_144628.log
[32m[20221129 14:46:28 @pendulum_agent.py:122][0m #------------------------ Iteration 0 --------------------------#
[32m[20221129 14:46:31 @agent_ppo.py:57][0m Sample time: 3.1581733226776123
[32m[20221129 14:46:36 @agent_ppo.py:62][0m Update time: 4.746399879455566
[32m[20221129 14:46:36 @agent_ppo.py:67][0m Evaluation time: 0.5315001010894775
[32m[20221129 14:46:36 @pendulum_agent.py:126][0m Average TRAINING episode reward: 1.12
[32m[20221129 14:46:36 @pendulum_agent.py:127][0m Average EVALUATION episode reward: 0.0
[32m[20221129 14:46:36 @pendulum_agent.py:109][0m [4m[34mCRITICAL[0m Get the best episode reward: 0.0
[32m[20221129 14:46:36 @pendulum_agent.py:113][0m [4m[34mCRITICAL[0m Saving the best checkpoint with rewards 0.00
[32m[20221129 14:46:36 @pendulum_agent.py:130][0m Total time: 8.461334943771362
[32m[20221129 14:46:36 @pendulum_agent.py:132][0m 50000 total steps have happened
[32m[20221129 14:46:36 @pendulum_agent.py:122][0m #------------------------ Iteration 1 --------------------------#
[32m[20221129 14:46:39 @agent_ppo.py:57][0m Sample time: 2.9980061054229736
[32m[20221129 14:46:44 @agent_ppo.py:62][0m Update time: 4.808628797531128
[32m[20221129 14:46:45 @agent_ppo.py:67][0m Evaluation time: 0.5586469173431396
[32m[20221129 14:46:45 @pendulum_agent.py:126][0m Average TRAINING episode reward: 0.64
[32m[20221129 14:46:45 @pendulum_agent.py:127][0m Average EVALUATION episode reward: 2.2
[32m[20221129 14:46:45 @pendulum_agent.py:109][0m [4m[34mCRITICAL[0m Get the best episode reward: 2.2
[32m[20221129 14:46:45 @pendulum_agent.py:113][0m [4m[34mCRITICAL[0m Saving the best checkpoint with rewards 2.20
[32m[20221129 14:46:45 @pendulum_agent.py:130][0m Total time: 8.390390634536743
[32m[20221129 14:46:45 @pendulum_agent.py:132][0m 100000 total steps have happened
[32m[20221129 14:46:45 @pendulum_agent.py:122][0m #------------------------ Iteration 2 --------------------------#
[32m[20221129 14:46:48 @agent_ppo.py:57][0m Sample time: 2.967885971069336
