[32m[20221129 00:17:06 @logger.py:105][0m Log file set to ./tmp/pendulum/swingup/20221129_001706/log/pendulum_swingup-20221129_001706.log
[32m[20221129 00:17:06 @pendulum_agent.py:122][0m #------------------------ Iteration 0 --------------------------#
[32m[20221129 00:17:06 @agent_ppo.py:57][0m Sample time: 0.7128419876098633
[32m[20221129 00:17:09 @agent_ppo.py:62][0m Update time: 2.7646560668945312
[32m[20221129 00:17:09 @agent_ppo.py:67][0m Evaluation time: 0.15775704383850098
[32m[20221129 00:17:09 @pendulum_agent.py:126][0m Average TRAINING episode reward: 0.0
[32m[20221129 00:17:09 @pendulum_agent.py:127][0m Average EVALUATION episode reward: 0.0
[32m[20221129 00:17:09 @pendulum_agent.py:109][0m [4m[34mCRITICAL[0m Get the best episode reward: 0.0
[32m[20221129 00:17:09 @pendulum_agent.py:113][0m [4m[34mCRITICAL[0m Saving the best checkpoint with rewards 0.00
[32m[20221129 00:17:09 @pendulum_agent.py:130][0m Total time: 3.650981903076172
[32m[20221129 00:17:09 @pendulum_agent.py:132][0m 50000 total steps have happened
[32m[20221129 00:17:09 @pendulum_agent.py:122][0m #------------------------ Iteration 1 --------------------------#
[32m[20221129 00:17:10 @agent_ppo.py:57][0m Sample time: 0.7076988220214844
[32m[20221129 00:17:13 @agent_ppo.py:62][0m Update time: 2.994241952896118
[32m[20221129 00:17:13 @agent_ppo.py:67][0m Evaluation time: 0.1222541332244873
[32m[20221129 00:17:13 @pendulum_agent.py:126][0m Average TRAINING episode reward: 0.0
[32m[20221129 00:17:13 @pendulum_agent.py:127][0m Average EVALUATION episode reward: 0.0
[32m[20221129 00:17:13 @pendulum_agent.py:130][0m Total time: 3.839350938796997
[32m[20221129 00:17:13 @pendulum_agent.py:132][0m 100000 total steps have happened
[32m[20221129 00:17:13 @pendulum_agent.py:122][0m #------------------------ Iteration 2 --------------------------#
[32m[20221129 00:17:14 @agent_ppo.py:57][0m Sample time: 0.62565016746521
[32m[20221129 00:17:17 @agent_ppo.py:62][0m Update time: 2.7550199031829834
[32m[20221129 00:17:17 @agent_ppo.py:67][0m Evaluation time: 0.1261909008026123
[32m[20221129 00:17:17 @pendulum_agent.py:126][0m Average TRAINING episode reward: 0.0
[32m[20221129 00:17:17 @pendulum_agent.py:127][0m Average EVALUATION episode reward: 0.0
[32m[20221129 00:17:17 @pendulum_agent.py:130][0m Total time: 3.518450975418091
[32m[20221129 00:17:17 @pendulum_agent.py:132][0m 150000 total steps have happened
[32m[20221129 00:17:17 @pendulum_agent.py:122][0m #------------------------ Iteration 3 --------------------------#
[32m[20221129 00:17:17 @agent_ppo.py:57][0m Sample time: 0.6175680160522461
[32m[20221129 00:17:20 @agent_ppo.py:62][0m Update time: 2.7788727283477783
[32m[20221129 00:17:20 @agent_ppo.py:67][0m Evaluation time: 0.12667417526245117
[32m[20221129 00:17:20 @pendulum_agent.py:126][0m Average TRAINING episode reward: 0.0
[32m[20221129 00:17:20 @pendulum_agent.py:127][0m Average EVALUATION episode reward: 0.0
[32m[20221129 00:17:20 @pendulum_agent.py:130][0m Total time: 3.534864902496338
[32m[20221129 00:17:20 @pendulum_agent.py:132][0m 200000 total steps have happened
[32m[20221129 00:17:20 @pendulum_agent.py:122][0m #------------------------ Iteration 4 --------------------------#
[32m[20221129 00:17:21 @agent_ppo.py:57][0m Sample time: 0.6545259952545166
[32m[20221129 00:17:24 @agent_ppo.py:62][0m Update time: 2.8119518756866455
[32m[20221129 00:17:24 @agent_ppo.py:67][0m Evaluation time: 0.1245110034942627
[32m[20221129 00:17:24 @pendulum_agent.py:126][0m Average TRAINING episode reward: 6.08
[32m[20221129 00:17:24 @pendulum_agent.py:127][0m Average EVALUATION episode reward: 3.0
[32m[20221129 00:17:24 @pendulum_agent.py:109][0m [4m[34mCRITICAL[0m Get the best episode reward: 3.0
[32m[20221129 00:17:24 @pendulum_agent.py:113][0m [4m[34mCRITICAL[0m Saving the best checkpoint with rewards 3.00
[32m[20221129 00:17:24 @pendulum_agent.py:130][0m Total time: 3.602267026901245
[32m[20221129 00:17:24 @pendulum_agent.py:132][0m 250000 total steps have happened
[32m[20221129 00:17:24 @pendulum_agent.py:122][0m #------------------------ Iteration 5 --------------------------#
[32m[20221129 00:17:25 @agent_ppo.py:57][0m Sample time: 0.6980657577514648
[32m[20221129 00:17:28 @agent_ppo.py:62][0m Update time: 3.0004942417144775
[32m[20221129 00:17:28 @agent_ppo.py:67][0m Evaluation time: 0.1227118968963623
[32m[20221129 00:17:28 @pendulum_agent.py:126][0m Average TRAINING episode reward: 0.0
[32m[20221129 00:17:28 @pendulum_agent.py:127][0m Average EVALUATION episode reward: 0.0
[32m[20221129 00:17:28 @pendulum_agent.py:130][0m Total time: 3.8318209648132324
[32m[20221129 00:17:28 @pendulum_agent.py:132][0m 300000 total steps have happened
[32m[20221129 00:17:28 @pendulum_agent.py:122][0m #------------------------ Iteration 6 --------------------------#
[32m[20221129 00:17:29 @agent_ppo.py:57][0m Sample time: 0.899122953414917
[32m[20221129 00:17:32 @agent_ppo.py:62][0m Update time: 3.0129878520965576
[32m[20221129 00:17:32 @agent_ppo.py:67][0m Evaluation time: 0.1408393383026123
[32m[20221129 00:17:32 @pendulum_agent.py:126][0m Average TRAINING episode reward: 0.0
[32m[20221129 00:17:32 @pendulum_agent.py:127][0m Average EVALUATION episode reward: 0.0
[32m[20221129 00:17:32 @pendulum_agent.py:130][0m Total time: 4.065528631210327
[32m[20221129 00:17:32 @pendulum_agent.py:132][0m 350000 total steps have happened
[32m[20221129 00:17:32 @pendulum_agent.py:122][0m #------------------------ Iteration 7 --------------------------#
[32m[20221129 00:17:32 @agent_ppo.py:57][0m Sample time: 0.630418062210083
[32m[20221129 00:17:35 @agent_ppo.py:62][0m Update time: 3.0164270401000977
[32m[20221129 00:17:36 @agent_ppo.py:67][0m Evaluation time: 0.18935513496398926
[32m[20221129 00:17:36 @pendulum_agent.py:126][0m Average TRAINING episode reward: 0.0
[32m[20221129 00:17:36 @pendulum_agent.py:127][0m Average EVALUATION episode reward: 0.0
[32m[20221129 00:17:36 @pendulum_agent.py:130][0m Total time: 3.8505139350891113
[32m[20221129 00:17:36 @pendulum_agent.py:132][0m 400000 total steps have happened
[32m[20221129 00:17:36 @pendulum_agent.py:122][0m #------------------------ Iteration 8 --------------------------#
[32m[20221129 00:17:36 @agent_ppo.py:57][0m Sample time: 0.8128819465637207
[32m[20221129 00:17:39 @agent_ppo.py:62][0m Update time: 3.025501012802124
[32m[20221129 00:17:40 @agent_ppo.py:67][0m Evaluation time: 0.12983202934265137
[32m[20221129 00:17:40 @pendulum_agent.py:126][0m Average TRAINING episode reward: 0.0
[32m[20221129 00:17:40 @pendulum_agent.py:127][0m Average EVALUATION episode reward: 0.0
[32m[20221129 00:17:40 @pendulum_agent.py:130][0m Total time: 3.979869842529297
[32m[20221129 00:17:40 @pendulum_agent.py:132][0m 450000 total steps have happened
[32m[20221129 00:17:40 @pendulum_agent.py:122][0m #------------------------ Iteration 9 --------------------------#
[32m[20221129 00:17:40 @agent_ppo.py:57][0m Sample time: 0.6344671249389648
[32m[20221129 00:17:43 @agent_ppo.py:62][0m Update time: 2.8451027870178223
[32m[20221129 00:17:43 @agent_ppo.py:67][0m Evaluation time: 0.12725615501403809
[32m[20221129 00:17:43 @pendulum_agent.py:126][0m Average TRAINING episode reward: 0.0
[32m[20221129 00:17:43 @pendulum_agent.py:127][0m Average EVALUATION episode reward: 39.0
[32m[20221129 00:17:43 @pendulum_agent.py:109][0m [4m[34mCRITICAL[0m Get the best episode reward: 39.0
[32m[20221129 00:17:43 @pendulum_agent.py:113][0m [4m[34mCRITICAL[0m Saving the best checkpoint with rewards 39.00
[32m[20221129 00:17:43 @pendulum_agent.py:130][0m Total time: 3.619364023208618
[32m[20221129 00:17:43 @pendulum_agent.py:132][0m 500000 total steps have happened
[32m[20221129 00:17:43 @pendulum_agent.py:122][0m #------------------------ Iteration 10 --------------------------#
[32m[20221129 00:17:44 @agent_ppo.py:57][0m Sample time: 0.6512620449066162
[32m[20221129 00:17:47 @agent_ppo.py:62][0m Update time: 3.121058940887451
[32m[20221129 00:17:47 @agent_ppo.py:67][0m Evaluation time: 0.18799400329589844
[32m[20221129 00:17:47 @pendulum_agent.py:126][0m Average TRAINING episode reward: 0.0
[32m[20221129 00:17:47 @pendulum_agent.py:127][0m Average EVALUATION episode reward: 0.0
[32m[20221129 00:17:47 @pendulum_agent.py:130][0m Total time: 3.9757721424102783
[32m[20221129 00:17:47 @pendulum_agent.py:132][0m 550000 total steps have happened
[32m[20221129 00:17:47 @pendulum_agent.py:122][0m #------------------------ Iteration 11 --------------------------#
[32m[20221129 00:17:48 @agent_ppo.py:57][0m Sample time: 0.8459532260894775
[32m[20221129 00:17:51 @agent_ppo.py:62][0m Update time: 3.395505905151367
[32m[20221129 00:17:52 @agent_ppo.py:67][0m Evaluation time: 0.15932297706604004
[32m[20221129 00:17:52 @pendulum_agent.py:126][0m Average TRAINING episode reward: 0.0
[32m[20221129 00:17:52 @pendulum_agent.py:127][0m Average EVALUATION episode reward: 0.0
[32m[20221129 00:17:52 @pendulum_agent.py:130][0m Total time: 4.413653135299683
[32m[20221129 00:17:52 @pendulum_agent.py:132][0m 600000 total steps have happened
[32m[20221129 00:17:52 @pendulum_agent.py:122][0m #------------------------ Iteration 12 --------------------------#
[32m[20221129 00:17:52 @agent_ppo.py:57][0m Sample time: 0.7241451740264893
[32m[20221129 00:17:56 @agent_ppo.py:62][0m Update time: 3.652432918548584
[32m[20221129 00:17:56 @agent_ppo.py:67][0m Evaluation time: 0.23932099342346191
[32m[20221129 00:17:56 @pendulum_agent.py:126][0m Average TRAINING episode reward: 0.0
[32m[20221129 00:17:56 @pendulum_agent.py:127][0m Average EVALUATION episode reward: 0.0
[32m[20221129 00:17:56 @pendulum_agent.py:130][0m Total time: 4.634142875671387
[32m[20221129 00:17:56 @pendulum_agent.py:132][0m 650000 total steps have happened
[32m[20221129 00:17:56 @pendulum_agent.py:122][0m #------------------------ Iteration 13 --------------------------#
[32m[20221129 00:17:57 @agent_ppo.py:57][0m Sample time: 0.8000972270965576
[32m[20221129 00:18:01 @agent_ppo.py:62][0m Update time: 3.4956717491149902
[32m[20221129 00:18:01 @agent_ppo.py:67][0m Evaluation time: 0.2079448699951172
[32m[20221129 00:18:01 @pendulum_agent.py:126][0m Average TRAINING episode reward: 0.0
[32m[20221129 00:18:01 @pendulum_agent.py:127][0m Average EVALUATION episode reward: 0.0
[32m[20221129 00:18:01 @pendulum_agent.py:130][0m Total time: 4.518041133880615
[32m[20221129 00:18:01 @pendulum_agent.py:132][0m 700000 total steps have happened
[32m[20221129 00:18:01 @pendulum_agent.py:122][0m #------------------------ Iteration 14 --------------------------#
[32m[20221129 00:18:02 @agent_ppo.py:57][0m Sample time: 0.9107739925384521
[32m[20221129 00:18:05 @agent_ppo.py:62][0m Update time: 3.484567880630493
[32m[20221129 00:18:05 @agent_ppo.py:67][0m Evaluation time: 0.1955859661102295
[32m[20221129 00:18:05 @pendulum_agent.py:126][0m Average TRAINING episode reward: 0.0
[32m[20221129 00:18:05 @pendulum_agent.py:127][0m Average EVALUATION episode reward: 0.0
[32m[20221129 00:18:05 @pendulum_agent.py:130][0m Total time: 4.607297897338867
[32m[20221129 00:18:05 @pendulum_agent.py:132][0m 750000 total steps have happened
[32m[20221129 00:18:05 @pendulum_agent.py:122][0m #------------------------ Iteration 15 --------------------------#
[32m[20221129 00:18:06 @agent_ppo.py:57][0m Sample time: 0.8271701335906982
[32m[20221129 00:18:10 @agent_ppo.py:62][0m Update time: 3.4770498275756836
[32m[20221129 00:18:10 @agent_ppo.py:67][0m Evaluation time: 0.15739011764526367
[32m[20221129 00:18:10 @pendulum_agent.py:126][0m Average TRAINING episode reward: 0.0
[32m[20221129 00:18:10 @pendulum_agent.py:127][0m Average EVALUATION episode reward: 0.0
[32m[20221129 00:18:10 @pendulum_agent.py:130][0m Total time: 4.476873874664307
[32m[20221129 00:18:10 @pendulum_agent.py:132][0m 800000 total steps have happened
[32m[20221129 00:18:10 @pendulum_agent.py:122][0m #------------------------ Iteration 16 --------------------------#
[32m[20221129 00:18:11 @agent_ppo.py:57][0m Sample time: 0.7794680595397949
[32m[20221129 00:18:14 @agent_ppo.py:62][0m Update time: 3.3988208770751953
[32m[20221129 00:18:14 @agent_ppo.py:67][0m Evaluation time: 0.15681099891662598
[32m[20221129 00:18:14 @pendulum_agent.py:126][0m Average TRAINING episode reward: 5.08
[32m[20221129 00:18:14 @pendulum_agent.py:127][0m Average EVALUATION episode reward: 0.0
[32m[20221129 00:18:14 @pendulum_agent.py:130][0m Total time: 4.350285053253174
[32m[20221129 00:18:14 @pendulum_agent.py:132][0m 850000 total steps have happened
[32m[20221129 00:18:14 @pendulum_agent.py:122][0m #------------------------ Iteration 17 --------------------------#
[32m[20221129 00:18:15 @agent_ppo.py:57][0m Sample time: 0.8283429145812988
[32m[20221129 00:18:18 @agent_ppo.py:62][0m Update time: 3.4428281784057617
[32m[20221129 00:18:19 @agent_ppo.py:67][0m Evaluation time: 0.1835949420928955
[32m[20221129 00:18:19 @pendulum_agent.py:126][0m Average TRAINING episode reward: 0.0
[32m[20221129 00:18:19 @pendulum_agent.py:127][0m Average EVALUATION episode reward: 0.0
[32m[20221129 00:18:19 @pendulum_agent.py:130][0m Total time: 4.470929861068726
[32m[20221129 00:18:19 @pendulum_agent.py:132][0m 900000 total steps have happened
[32m[20221129 00:18:19 @pendulum_agent.py:122][0m #------------------------ Iteration 18 --------------------------#
[32m[20221129 00:18:19 @agent_ppo.py:57][0m Sample time: 0.7478909492492676
[32m[20221129 00:18:23 @agent_ppo.py:62][0m Update time: 3.348397970199585
[32m[20221129 00:18:23 @agent_ppo.py:67][0m Evaluation time: 0.19077301025390625
[32m[20221129 00:18:23 @pendulum_agent.py:126][0m Average TRAINING episode reward: 0.0
[32m[20221129 00:18:23 @pendulum_agent.py:127][0m Average EVALUATION episode reward: 0.0
[32m[20221129 00:18:23 @pendulum_agent.py:130][0m Total time: 4.300981044769287
[32m[20221129 00:18:23 @pendulum_agent.py:132][0m 950000 total steps have happened
[32m[20221129 00:18:23 @pendulum_agent.py:122][0m #------------------------ Iteration 19 --------------------------#
[32m[20221129 00:18:24 @agent_ppo.py:57][0m Sample time: 0.737677812576294
[32m[20221129 00:18:27 @agent_ppo.py:62][0m Update time: 3.5129148960113525
[32m[20221129 00:18:27 @agent_ppo.py:67][0m Evaluation time: 0.23166108131408691
[32m[20221129 00:18:27 @pendulum_agent.py:126][0m Average TRAINING episode reward: 0.0
[32m[20221129 00:18:27 @pendulum_agent.py:127][0m Average EVALUATION episode reward: 0.0
[32m[20221129 00:18:27 @pendulum_agent.py:130][0m Total time: 4.500233173370361
[32m[20221129 00:18:27 @pendulum_agent.py:132][0m 1000000 total steps have happened
[32m[20221129 00:18:27 @pendulum_agent.py:122][0m #------------------------ Iteration 20 --------------------------#
[32m[20221129 00:18:28 @agent_ppo.py:57][0m Sample time: 0.9644558429718018
[32m[20221129 00:18:32 @agent_ppo.py:62][0m Update time: 3.1687569618225098
[32m[20221129 00:18:32 @agent_ppo.py:67][0m Evaluation time: 0.14714598655700684
[32m[20221129 00:18:32 @pendulum_agent.py:126][0m Average TRAINING episode reward: 0.0
[32m[20221129 00:18:32 @pendulum_agent.py:127][0m Average EVALUATION episode reward: 0.0
[32m[20221129 00:18:32 @pendulum_agent.py:130][0m Total time: 4.294851779937744
[32m[20221129 00:18:32 @pendulum_agent.py:132][0m 1050000 total steps have happened
[32m[20221129 00:18:32 @pendulum_agent.py:122][0m #------------------------ Iteration 21 --------------------------#
[32m[20221129 00:18:32 @agent_ppo.py:57][0m Sample time: 0.7062473297119141
[32m[20221129 00:18:36 @agent_ppo.py:62][0m Update time: 3.2137868404388428
[32m[20221129 00:18:36 @agent_ppo.py:67][0m Evaluation time: 0.1418008804321289
[32m[20221129 00:18:36 @pendulum_agent.py:126][0m Average TRAINING episode reward: 0.0
[32m[20221129 00:18:36 @pendulum_agent.py:127][0m Average EVALUATION episode reward: 0.0
[32m[20221129 00:18:36 @pendulum_agent.py:130][0m Total time: 4.076930999755859
[32m[20221129 00:18:36 @pendulum_agent.py:132][0m 1100000 total steps have happened
[32m[20221129 00:18:36 @pendulum_agent.py:122][0m #------------------------ Iteration 22 --------------------------#
[32m[20221129 00:18:37 @agent_ppo.py:57][0m Sample time: 0.692072868347168
[32m[20221129 00:18:40 @agent_ppo.py:62][0m Update time: 3.110291004180908
[32m[20221129 00:18:40 @agent_ppo.py:67][0m Evaluation time: 0.13898992538452148
[32m[20221129 00:18:40 @pendulum_agent.py:126][0m Average TRAINING episode reward: 0.0
[32m[20221129 00:18:40 @pendulum_agent.py:127][0m Average EVALUATION episode reward: 80.0
[32m[20221129 00:18:40 @pendulum_agent.py:109][0m [4m[34mCRITICAL[0m Get the best episode reward: 80.0
[32m[20221129 00:18:40 @pendulum_agent.py:113][0m [4m[34mCRITICAL[0m Saving the best checkpoint with rewards 80.00
[32m[20221129 00:18:40 @pendulum_agent.py:130][0m Total time: 3.956796884536743
[32m[20221129 00:18:40 @pendulum_agent.py:132][0m 1150000 total steps have happened
[32m[20221129 00:18:40 @pendulum_agent.py:122][0m #------------------------ Iteration 23 --------------------------#
[32m[20221129 00:18:41 @agent_ppo.py:57][0m Sample time: 0.7703597545623779
[32m[20221129 00:18:44 @agent_ppo.py:62][0m Update time: 3.127609968185425
[32m[20221129 00:18:44 @agent_ppo.py:67][0m Evaluation time: 0.15425515174865723
[32m[20221129 00:18:44 @pendulum_agent.py:126][0m Average TRAINING episode reward: 0.0
[32m[20221129 00:18:44 @pendulum_agent.py:127][0m Average EVALUATION episode reward: 0.0
[32m[20221129 00:18:44 @pendulum_agent.py:130][0m Total time: 4.066921949386597
[32m[20221129 00:18:44 @pendulum_agent.py:132][0m 1200000 total steps have happened
[32m[20221129 00:18:44 @pendulum_agent.py:122][0m #------------------------ Iteration 24 --------------------------#
[32m[20221129 00:18:45 @agent_ppo.py:57][0m Sample time: 0.6836299896240234
[32m[20221129 00:18:48 @agent_ppo.py:62][0m Update time: 3.0899269580841064
[32m[20221129 00:18:48 @agent_ppo.py:67][0m Evaluation time: 0.1450669765472412
[32m[20221129 00:18:48 @pendulum_agent.py:126][0m Average TRAINING episode reward: 0.0
[32m[20221129 00:18:48 @pendulum_agent.py:127][0m Average EVALUATION episode reward: 0.0
[32m[20221129 00:18:48 @pendulum_agent.py:130][0m Total time: 3.935549259185791
[32m[20221129 00:18:48 @pendulum_agent.py:132][0m 1250000 total steps have happened
[32m[20221129 00:18:48 @pendulum_agent.py:122][0m #------------------------ Iteration 25 --------------------------#
[32m[20221129 00:18:48 @agent_ppo.py:57][0m Sample time: 0.6850240230560303
[32m[20221129 00:18:52 @agent_ppo.py:62][0m Update time: 3.10333514213562
[32m[20221129 00:18:52 @agent_ppo.py:67][0m Evaluation time: 0.14626312255859375
[32m[20221129 00:18:52 @pendulum_agent.py:126][0m Average TRAINING episode reward: 2.3
[32m[20221129 00:18:52 @pendulum_agent.py:127][0m Average EVALUATION episode reward: 0.0
[32m[20221129 00:18:52 @pendulum_agent.py:130][0m Total time: 3.952316999435425
[32m[20221129 00:18:52 @pendulum_agent.py:132][0m 1300000 total steps have happened
[32m[20221129 00:18:52 @pendulum_agent.py:122][0m #------------------------ Iteration 26 --------------------------#
[32m[20221129 00:18:53 @agent_ppo.py:57][0m Sample time: 0.7506890296936035
[32m[20221129 00:18:56 @agent_ppo.py:62][0m Update time: 3.09565806388855
[32m[20221129 00:18:56 @agent_ppo.py:67][0m Evaluation time: 0.1468510627746582
[32m[20221129 00:18:56 @pendulum_agent.py:126][0m Average TRAINING episode reward: 0.0
[32m[20221129 00:18:56 @pendulum_agent.py:127][0m Average EVALUATION episode reward: 0.0
[32m[20221129 00:18:56 @pendulum_agent.py:130][0m Total time: 4.007807970046997
[32m[20221129 00:18:56 @pendulum_agent.py:132][0m 1350000 total steps have happened
[32m[20221129 00:18:56 @pendulum_agent.py:122][0m #------------------------ Iteration 27 --------------------------#
[32m[20221129 00:18:56 @agent_ppo.py:57][0m Sample time: 0.689547061920166
[32m[20221129 00:19:00 @agent_ppo.py:62][0m Update time: 3.115304946899414
[32m[20221129 00:19:00 @agent_ppo.py:67][0m Evaluation time: 0.1459362506866455
[32m[20221129 00:19:00 @pendulum_agent.py:126][0m Average TRAINING episode reward: 11.24
[32m[20221129 00:19:00 @pendulum_agent.py:127][0m Average EVALUATION episode reward: 0.0
[32m[20221129 00:19:00 @pendulum_agent.py:130][0m Total time: 3.9655508995056152
[32m[20221129 00:19:00 @pendulum_agent.py:132][0m 1400000 total steps have happened
[32m[20221129 00:19:00 @pendulum_agent.py:122][0m #------------------------ Iteration 28 --------------------------#
[32m[20221129 00:19:00 @agent_ppo.py:57][0m Sample time: 0.6693670749664307
[32m[20221129 00:19:04 @agent_ppo.py:62][0m Update time: 3.1075820922851562
[32m[20221129 00:19:04 @agent_ppo.py:67][0m Evaluation time: 0.1469581127166748
[32m[20221129 00:19:04 @pendulum_agent.py:126][0m Average TRAINING episode reward: 10.92
[32m[20221129 00:19:04 @pendulum_agent.py:127][0m Average EVALUATION episode reward: 0.0
[32m[20221129 00:19:04 @pendulum_agent.py:130][0m Total time: 3.940828800201416
[32m[20221129 00:19:04 @pendulum_agent.py:132][0m 1450000 total steps have happened
[32m[20221129 00:19:04 @pendulum_agent.py:122][0m #------------------------ Iteration 29 --------------------------#
[32m[20221129 00:19:04 @agent_ppo.py:57][0m Sample time: 0.7650420665740967
[32m[20221129 00:19:08 @agent_ppo.py:62][0m Update time: 3.0796499252319336
[32m[20221129 00:19:08 @agent_ppo.py:67][0m Evaluation time: 0.13931918144226074
[32m[20221129 00:19:08 @pendulum_agent.py:126][0m Average TRAINING episode reward: 22.34
[32m[20221129 00:19:08 @pendulum_agent.py:127][0m Average EVALUATION episode reward: 0.0
[32m[20221129 00:19:08 @pendulum_agent.py:130][0m Total time: 4.000209093093872
[32m[20221129 00:19:08 @pendulum_agent.py:132][0m 1500000 total steps have happened
[32m[20221129 00:19:08 @pendulum_agent.py:122][0m #------------------------ Iteration 30 --------------------------#
[32m[20221129 00:19:08 @agent_ppo.py:57][0m Sample time: 0.6833977699279785
[32m[20221129 00:19:11 @agent_ppo.py:62][0m Update time: 3.1224660873413086
[32m[20221129 00:19:12 @agent_ppo.py:67][0m Evaluation time: 0.14592480659484863
[32m[20221129 00:19:12 @pendulum_agent.py:126][0m Average TRAINING episode reward: 0.0
[32m[20221129 00:19:12 @pendulum_agent.py:127][0m Average EVALUATION episode reward: 0.0
[32m[20221129 00:19:12 @pendulum_agent.py:130][0m Total time: 3.9654688835144043
[32m[20221129 00:19:12 @pendulum_agent.py:132][0m 1550000 total steps have happened
[32m[20221129 00:19:12 @pendulum_agent.py:122][0m #------------------------ Iteration 31 --------------------------#
[32m[20221129 00:19:12 @agent_ppo.py:57][0m Sample time: 0.6465451717376709
[32m[20221129 00:19:15 @agent_ppo.py:62][0m Update time: 3.0933167934417725
[32m[20221129 00:19:16 @agent_ppo.py:67][0m Evaluation time: 0.15004396438598633
[32m[20221129 00:19:16 @pendulum_agent.py:126][0m Average TRAINING episode reward: 11.2
[32m[20221129 00:19:16 @pendulum_agent.py:127][0m Average EVALUATION episode reward: 52.0
[32m[20221129 00:19:16 @pendulum_agent.py:130][0m Total time: 3.9066519737243652
[32m[20221129 00:19:16 @pendulum_agent.py:132][0m 1600000 total steps have happened
[32m[20221129 00:19:16 @pendulum_agent.py:122][0m #------------------------ Iteration 32 --------------------------#
[32m[20221129 00:19:16 @agent_ppo.py:57][0m Sample time: 0.7370479106903076
[32m[20221129 00:19:19 @agent_ppo.py:62][0m Update time: 3.113754987716675
[32m[20221129 00:19:20 @agent_ppo.py:67][0m Evaluation time: 0.13593697547912598
[32m[20221129 00:19:20 @pendulum_agent.py:126][0m Average TRAINING episode reward: 12.58
[32m[20221129 00:19:20 @pendulum_agent.py:127][0m Average EVALUATION episode reward: 0.0
[32m[20221129 00:19:20 @pendulum_agent.py:130][0m Total time: 4.0009119510650635
[32m[20221129 00:19:20 @pendulum_agent.py:132][0m 1650000 total steps have happened
[32m[20221129 00:19:20 @pendulum_agent.py:122][0m #------------------------ Iteration 33 --------------------------#
[32m[20221129 00:19:20 @agent_ppo.py:57][0m Sample time: 0.684272050857544
[32m[20221129 00:19:23 @agent_ppo.py:62][0m Update time: 3.1169512271881104
[32m[20221129 00:19:23 @agent_ppo.py:67][0m Evaluation time: 0.1389307975769043
[32m[20221129 00:19:23 @pendulum_agent.py:126][0m Average TRAINING episode reward: 0.0
[32m[20221129 00:19:23 @pendulum_agent.py:127][0m Average EVALUATION episode reward: 0.0
[32m[20221129 00:19:23 @pendulum_agent.py:130][0m Total time: 3.9547059535980225
[32m[20221129 00:19:23 @pendulum_agent.py:132][0m 1700000 total steps have happened
[32m[20221129 00:19:23 @pendulum_agent.py:122][0m #------------------------ Iteration 34 --------------------------#
[32m[20221129 00:19:24 @agent_ppo.py:57][0m Sample time: 0.6650638580322266
[32m[20221129 00:19:27 @agent_ppo.py:62][0m Update time: 3.1025071144104004
[32m[20221129 00:19:27 @agent_ppo.py:67][0m Evaluation time: 0.14641499519348145
[32m[20221129 00:19:27 @pendulum_agent.py:126][0m Average TRAINING episode reward: 11.1
[32m[20221129 00:19:27 @pendulum_agent.py:127][0m Average EVALUATION episode reward: 0.0
[32m[20221129 00:19:27 @pendulum_agent.py:130][0m Total time: 3.9296441078186035
[32m[20221129 00:19:27 @pendulum_agent.py:132][0m 1750000 total steps have happened
[32m[20221129 00:19:27 @pendulum_agent.py:122][0m #------------------------ Iteration 35 --------------------------#
[32m[20221129 00:19:28 @agent_ppo.py:57][0m Sample time: 0.7578611373901367
[32m[20221129 00:19:31 @agent_ppo.py:62][0m Update time: 3.108098030090332
[32m[20221129 00:19:31 @agent_ppo.py:67][0m Evaluation time: 0.15151381492614746
[32m[20221129 00:19:31 @pendulum_agent.py:126][0m Average TRAINING episode reward: 11.24
[32m[20221129 00:19:31 @pendulum_agent.py:127][0m Average EVALUATION episode reward: 0.0
[32m[20221129 00:19:31 @pendulum_agent.py:130][0m Total time: 4.03423285484314
[32m[20221129 00:19:31 @pendulum_agent.py:132][0m 1800000 total steps have happened
[32m[20221129 00:19:31 @pendulum_agent.py:122][0m #------------------------ Iteration 36 --------------------------#
[32m[20221129 00:19:32 @agent_ppo.py:57][0m Sample time: 0.6690168380737305
[32m[20221129 00:19:35 @agent_ppo.py:62][0m Update time: 3.1557741165161133
[32m[20221129 00:19:35 @agent_ppo.py:67][0m Evaluation time: 0.15082907676696777
[32m[20221129 00:19:35 @pendulum_agent.py:126][0m Average TRAINING episode reward: 0.0
[32m[20221129 00:19:35 @pendulum_agent.py:127][0m Average EVALUATION episode reward: 0.0
[32m[20221129 00:19:35 @pendulum_agent.py:130][0m Total time: 3.9878928661346436
[32m[20221129 00:19:35 @pendulum_agent.py:132][0m 1850000 total steps have happened
[32m[20221129 00:19:35 @pendulum_agent.py:122][0m #------------------------ Iteration 37 --------------------------#
[32m[20221129 00:19:36 @agent_ppo.py:57][0m Sample time: 0.6844079494476318
[32m[20221129 00:19:39 @agent_ppo.py:62][0m Update time: 3.1539268493652344
[32m[20221129 00:19:39 @agent_ppo.py:67][0m Evaluation time: 0.15470504760742188
[32m[20221129 00:19:39 @pendulum_agent.py:126][0m Average TRAINING episode reward: 0.0
[32m[20221129 00:19:39 @pendulum_agent.py:127][0m Average EVALUATION episode reward: 58.0
[32m[20221129 00:19:39 @pendulum_agent.py:130][0m Total time: 4.006818056106567
[32m[20221129 00:19:39 @pendulum_agent.py:132][0m 1900000 total steps have happened
[32m[20221129 00:19:39 @pendulum_agent.py:122][0m #------------------------ Iteration 38 --------------------------#
[32m[20221129 00:19:40 @agent_ppo.py:57][0m Sample time: 0.7758240699768066
[32m[20221129 00:19:43 @agent_ppo.py:62][0m Update time: 3.131826877593994
[32m[20221129 00:19:44 @agent_ppo.py:67][0m Evaluation time: 0.13950109481811523
[32m[20221129 00:19:44 @pendulum_agent.py:126][0m Average TRAINING episode reward: 23.28
[32m[20221129 00:19:44 @pendulum_agent.py:127][0m Average EVALUATION episode reward: 58.0
[32m[20221129 00:19:44 @pendulum_agent.py:130][0m Total time: 4.0602521896362305
[32m[20221129 00:19:44 @pendulum_agent.py:132][0m 1950000 total steps have happened
[32m[20221129 00:19:44 @pendulum_agent.py:122][0m #------------------------ Iteration 39 --------------------------#
[32m[20221129 00:19:44 @agent_ppo.py:57][0m Sample time: 0.6873550415039062
[32m[20221129 00:19:47 @agent_ppo.py:62][0m Update time: 3.0888748168945312
[32m[20221129 00:19:47 @agent_ppo.py:67][0m Evaluation time: 0.15370607376098633
[32m[20221129 00:19:47 @pendulum_agent.py:126][0m Average TRAINING episode reward: 26.02
[32m[20221129 00:19:47 @pendulum_agent.py:127][0m Average EVALUATION episode reward: 0.0
[32m[20221129 00:19:47 @pendulum_agent.py:130][0m Total time: 3.9453461170196533
[32m[20221129 00:19:47 @pendulum_agent.py:132][0m 2000000 total steps have happened
[32m[20221129 00:19:47 @pendulum_agent.py:122][0m #------------------------ Iteration 40 --------------------------#
[32m[20221129 00:19:48 @agent_ppo.py:57][0m Sample time: 0.7337322235107422
[32m[20221129 00:19:51 @agent_ppo.py:62][0m Update time: 3.2949349880218506
[32m[20221129 00:19:52 @agent_ppo.py:67][0m Evaluation time: 0.1428987979888916
[32m[20221129 00:19:52 @pendulum_agent.py:126][0m Average TRAINING episode reward: 16.36
[32m[20221129 00:19:52 @pendulum_agent.py:127][0m Average EVALUATION episode reward: 0.0
[32m[20221129 00:19:52 @pendulum_agent.py:130][0m Total time: 4.187196731567383
[32m[20221129 00:19:52 @pendulum_agent.py:132][0m 2050000 total steps have happened
[32m[20221129 00:19:52 @pendulum_agent.py:122][0m #------------------------ Iteration 41 --------------------------#
[32m[20221129 00:19:52 @agent_ppo.py:57][0m Sample time: 0.7848351001739502
[32m[20221129 00:19:56 @agent_ppo.py:62][0m Update time: 3.1080830097198486
[32m[20221129 00:19:56 @agent_ppo.py:67][0m Evaluation time: 0.13717103004455566
[32m[20221129 00:19:56 @pendulum_agent.py:126][0m Average TRAINING episode reward: 24.74
[32m[20221129 00:19:56 @pendulum_agent.py:127][0m Average EVALUATION episode reward: 0.0
[32m[20221129 00:19:56 @pendulum_agent.py:130][0m Total time: 4.044365882873535
[32m[20221129 00:19:56 @pendulum_agent.py:132][0m 2100000 total steps have happened
[32m[20221129 00:19:56 @pendulum_agent.py:122][0m #------------------------ Iteration 42 --------------------------#
[32m[20221129 00:19:56 @agent_ppo.py:57][0m Sample time: 0.7067909240722656
[32m[20221129 00:20:00 @agent_ppo.py:62][0m Update time: 3.2319352626800537
[32m[20221129 00:20:00 @agent_ppo.py:67][0m Evaluation time: 0.1501319408416748
[32m[20221129 00:20:00 @pendulum_agent.py:126][0m Average TRAINING episode reward: 13.4
[32m[20221129 00:20:00 @pendulum_agent.py:127][0m Average EVALUATION episode reward: 0.0
[32m[20221129 00:20:00 @pendulum_agent.py:130][0m Total time: 4.1027021408081055
[32m[20221129 00:20:00 @pendulum_agent.py:132][0m 2150000 total steps have happened
[32m[20221129 00:20:00 @pendulum_agent.py:122][0m #------------------------ Iteration 43 --------------------------#
[32m[20221129 00:20:00 @agent_ppo.py:57][0m Sample time: 0.6770849227905273
[32m[20221129 00:20:04 @agent_ppo.py:62][0m Update time: 3.0789129734039307
[32m[20221129 00:20:04 @agent_ppo.py:67][0m Evaluation time: 0.13520407676696777
[32m[20221129 00:20:04 @pendulum_agent.py:126][0m Average TRAINING episode reward: 25.5
[32m[20221129 00:20:04 @pendulum_agent.py:127][0m Average EVALUATION episode reward: 0.0
[32m[20221129 00:20:04 @pendulum_agent.py:130][0m Total time: 3.905762195587158
[32m[20221129 00:20:04 @pendulum_agent.py:132][0m 2200000 total steps have happened
[32m[20221129 00:20:04 @pendulum_agent.py:122][0m #------------------------ Iteration 44 --------------------------#
[32m[20221129 00:20:04 @agent_ppo.py:57][0m Sample time: 0.7444548606872559
[32m[20221129 00:20:08 @agent_ppo.py:62][0m Update time: 3.4264371395111084
[32m[20221129 00:20:08 @agent_ppo.py:67][0m Evaluation time: 0.1460418701171875
[32m[20221129 00:20:08 @pendulum_agent.py:126][0m Average TRAINING episode reward: 0.0
[32m[20221129 00:20:08 @pendulum_agent.py:127][0m Average EVALUATION episode reward: 57.0
[32m[20221129 00:20:08 @pendulum_agent.py:130][0m Total time: 4.3325581550598145
[32m[20221129 00:20:08 @pendulum_agent.py:132][0m 2250000 total steps have happened
[32m[20221129 00:20:08 @pendulum_agent.py:122][0m #------------------------ Iteration 45 --------------------------#
[32m[20221129 00:20:09 @agent_ppo.py:57][0m Sample time: 0.7472200393676758
[32m[20221129 00:20:12 @agent_ppo.py:62][0m Update time: 3.368417978286743
[32m[20221129 00:20:12 @agent_ppo.py:67][0m Evaluation time: 0.15427112579345703
[32m[20221129 00:20:12 @pendulum_agent.py:126][0m Average TRAINING episode reward: 0.0
[32m[20221129 00:20:12 @pendulum_agent.py:127][0m Average EVALUATION episode reward: 0.0
[32m[20221129 00:20:12 @pendulum_agent.py:130][0m Total time: 4.2848289012908936
[32m[20221129 00:20:12 @pendulum_agent.py:132][0m 2300000 total steps have happened
[32m[20221129 00:20:12 @pendulum_agent.py:122][0m #------------------------ Iteration 46 --------------------------#
[32m[20221129 00:20:13 @agent_ppo.py:57][0m Sample time: 0.7535841464996338
[32m[20221129 00:20:16 @agent_ppo.py:62][0m Update time: 3.164562940597534
[32m[20221129 00:20:16 @agent_ppo.py:67][0m Evaluation time: 0.14589428901672363
[32m[20221129 00:20:16 @pendulum_agent.py:126][0m Average TRAINING episode reward: 10.8
[32m[20221129 00:20:16 @pendulum_agent.py:127][0m Average EVALUATION episode reward: 57.0
[32m[20221129 00:20:16 @pendulum_agent.py:130][0m Total time: 4.078603029251099
[32m[20221129 00:20:16 @pendulum_agent.py:132][0m 2350000 total steps have happened
[32m[20221129 00:20:16 @pendulum_agent.py:122][0m #------------------------ Iteration 47 --------------------------#
[32m[20221129 00:20:17 @agent_ppo.py:57][0m Sample time: 0.7509429454803467
[32m[20221129 00:20:20 @agent_ppo.py:62][0m Update time: 3.1548731327056885
[32m[20221129 00:20:20 @agent_ppo.py:67][0m Evaluation time: 0.1580049991607666
[32m[20221129 00:20:20 @pendulum_agent.py:126][0m Average TRAINING episode reward: 0.0
[32m[20221129 00:20:20 @pendulum_agent.py:127][0m Average EVALUATION episode reward: 0.0
[32m[20221129 00:20:20 @pendulum_agent.py:130][0m Total time: 4.0782411098480225
[32m[20221129 00:20:20 @pendulum_agent.py:132][0m 2400000 total steps have happened
[32m[20221129 00:20:20 @pendulum_agent.py:122][0m #------------------------ Iteration 48 --------------------------#
[32m[20221129 00:20:21 @agent_ppo.py:57][0m Sample time: 0.6887302398681641
[32m[20221129 00:20:24 @agent_ppo.py:62][0m Update time: 3.2097578048706055
[32m[20221129 00:20:25 @agent_ppo.py:67][0m Evaluation time: 0.1640310287475586
[32m[20221129 00:20:25 @pendulum_agent.py:126][0m Average TRAINING episode reward: 10.4
[32m[20221129 00:20:25 @pendulum_agent.py:127][0m Average EVALUATION episode reward: 0.0
[32m[20221129 00:20:25 @pendulum_agent.py:130][0m Total time: 4.079678058624268
[32m[20221129 00:20:25 @pendulum_agent.py:132][0m 2450000 total steps have happened
[32m[20221129 00:20:25 @pendulum_agent.py:122][0m #------------------------ Iteration 49 --------------------------#
[32m[20221129 00:20:25 @agent_ppo.py:57][0m Sample time: 0.6930890083312988
[32m[20221129 00:20:28 @agent_ppo.py:62][0m Update time: 3.082125186920166
[32m[20221129 00:20:29 @agent_ppo.py:67][0m Evaluation time: 0.1632988452911377
[32m[20221129 00:20:29 @pendulum_agent.py:126][0m Average TRAINING episode reward: 0.0
[32m[20221129 00:20:29 @pendulum_agent.py:127][0m Average EVALUATION episode reward: 0.0
[32m[20221129 00:20:29 @pendulum_agent.py:103][0m [4m[34mCRITICAL[0m Saving the interval checkpoint with rewards 80.00
[32m[20221129 00:20:29 @pendulum_agent.py:130][0m Total time: 3.9553780555725098
[32m[20221129 00:20:29 @pendulum_agent.py:132][0m 2500000 total steps have happened
[32m[20221129 00:20:29 @pendulum_agent.py:122][0m #------------------------ Iteration 50 --------------------------#
[32m[20221129 00:20:29 @agent_ppo.py:57][0m Sample time: 0.7875058650970459
[32m[20221129 00:20:32 @agent_ppo.py:62][0m Update time: 3.0792441368103027
[32m[20221129 00:20:33 @agent_ppo.py:67][0m Evaluation time: 0.14357876777648926
[32m[20221129 00:20:33 @pendulum_agent.py:126][0m Average TRAINING episode reward: 12.0
[32m[20221129 00:20:33 @pendulum_agent.py:127][0m Average EVALUATION episode reward: 54.0
[32m[20221129 00:20:33 @pendulum_agent.py:130][0m Total time: 4.0234129428863525
[32m[20221129 00:20:33 @pendulum_agent.py:132][0m 2550000 total steps have happened
[32m[20221129 00:20:33 @pendulum_agent.py:122][0m #------------------------ Iteration 51 --------------------------#
[32m[20221129 00:20:33 @agent_ppo.py:57][0m Sample time: 0.6896941661834717
[32m[20221129 00:20:36 @agent_ppo.py:62][0m Update time: 3.0894711017608643
[32m[20221129 00:20:36 @agent_ppo.py:67][0m Evaluation time: 0.14476680755615234
[32m[20221129 00:20:36 @pendulum_agent.py:126][0m Average TRAINING episode reward: 0.0
[32m[20221129 00:20:36 @pendulum_agent.py:127][0m Average EVALUATION episode reward: 0.0
[32m[20221129 00:20:36 @pendulum_agent.py:130][0m Total time: 3.940659284591675
[32m[20221129 00:20:36 @pendulum_agent.py:132][0m 2600000 total steps have happened
[32m[20221129 00:20:36 @pendulum_agent.py:122][0m #------------------------ Iteration 52 --------------------------#
[32m[20221129 00:20:37 @agent_ppo.py:57][0m Sample time: 0.6926858425140381
[32m[20221129 00:20:40 @agent_ppo.py:62][0m Update time: 3.0865561962127686
[32m[20221129 00:20:40 @agent_ppo.py:67][0m Evaluation time: 0.14216089248657227
[32m[20221129 00:20:40 @pendulum_agent.py:126][0m Average TRAINING episode reward: 0.0
[32m[20221129 00:20:40 @pendulum_agent.py:127][0m Average EVALUATION episode reward: 0.0
[32m[20221129 00:20:40 @pendulum_agent.py:130][0m Total time: 3.9362471103668213
[32m[20221129 00:20:40 @pendulum_agent.py:132][0m 2650000 total steps have happened
[32m[20221129 00:20:40 @pendulum_agent.py:122][0m #------------------------ Iteration 53 --------------------------#
[32m[20221129 00:20:41 @agent_ppo.py:57][0m Sample time: 0.7668650150299072
[32m[20221129 00:20:44 @agent_ppo.py:62][0m Update time: 3.054417133331299
[32m[20221129 00:20:44 @agent_ppo.py:67][0m Evaluation time: 0.14833593368530273
[32m[20221129 00:20:44 @pendulum_agent.py:126][0m Average TRAINING episode reward: 22.2
[32m[20221129 00:20:44 @pendulum_agent.py:127][0m Average EVALUATION episode reward: 0.0
[32m[20221129 00:20:44 @pendulum_agent.py:130][0m Total time: 3.9835898876190186
[32m[20221129 00:20:44 @pendulum_agent.py:132][0m 2700000 total steps have happened
[32m[20221129 00:20:44 @pendulum_agent.py:122][0m #------------------------ Iteration 54 --------------------------#
[32m[20221129 00:20:45 @agent_ppo.py:57][0m Sample time: 0.7019600868225098
[32m[20221129 00:20:48 @agent_ppo.py:62][0m Update time: 3.118165969848633
[32m[20221129 00:20:48 @agent_ppo.py:67][0m Evaluation time: 0.14279699325561523
[32m[20221129 00:20:48 @pendulum_agent.py:126][0m Average TRAINING episode reward: 35.62
[32m[20221129 00:20:48 @pendulum_agent.py:127][0m Average EVALUATION episode reward: 0.0
[32m[20221129 00:20:48 @pendulum_agent.py:130][0m Total time: 3.978729009628296
[32m[20221129 00:20:48 @pendulum_agent.py:132][0m 2750000 total steps have happened
[32m[20221129 00:20:48 @pendulum_agent.py:122][0m #------------------------ Iteration 55 --------------------------#
[32m[20221129 00:20:49 @agent_ppo.py:57][0m Sample time: 0.7048962116241455
[32m[20221129 00:20:52 @agent_ppo.py:62][0m Update time: 3.1159918308258057
[32m[20221129 00:20:52 @agent_ppo.py:67][0m Evaluation time: 0.13869333267211914
[32m[20221129 00:20:52 @pendulum_agent.py:126][0m Average TRAINING episode reward: 0.0
[32m[20221129 00:20:52 @pendulum_agent.py:127][0m Average EVALUATION episode reward: 0.0
[32m[20221129 00:20:52 @pendulum_agent.py:130][0m Total time: 3.9712040424346924
[32m[20221129 00:20:52 @pendulum_agent.py:132][0m 2800000 total steps have happened
[32m[20221129 00:20:52 @pendulum_agent.py:122][0m #------------------------ Iteration 56 --------------------------#
[32m[20221129 00:20:53 @agent_ppo.py:57][0m Sample time: 0.7697060108184814
[32m[20221129 00:20:56 @agent_ppo.py:62][0m Update time: 3.093168258666992
[32m[20221129 00:20:56 @agent_ppo.py:67][0m Evaluation time: 0.13746094703674316
[32m[20221129 00:20:56 @pendulum_agent.py:126][0m Average TRAINING episode reward: 10.4
[32m[20221129 00:20:56 @pendulum_agent.py:127][0m Average EVALUATION episode reward: 0.0
[32m[20221129 00:20:56 @pendulum_agent.py:130][0m Total time: 4.01485800743103
[32m[20221129 00:20:56 @pendulum_agent.py:132][0m 2850000 total steps have happened
[32m[20221129 00:20:56 @pendulum_agent.py:122][0m #------------------------ Iteration 57 --------------------------#
[32m[20221129 00:20:57 @agent_ppo.py:57][0m Sample time: 0.7023282051086426
[32m[20221129 00:21:00 @agent_ppo.py:62][0m Update time: 3.1194167137145996
[32m[20221129 00:21:00 @agent_ppo.py:67][0m Evaluation time: 0.14191412925720215
[32m[20221129 00:21:00 @pendulum_agent.py:126][0m Average TRAINING episode reward: 10.86
[32m[20221129 00:21:00 @pendulum_agent.py:127][0m Average EVALUATION episode reward: 0.0
[32m[20221129 00:21:00 @pendulum_agent.py:130][0m Total time: 3.9780449867248535
[32m[20221129 00:21:00 @pendulum_agent.py:132][0m 2900000 total steps have happened
[32m[20221129 00:21:00 @pendulum_agent.py:122][0m #------------------------ Iteration 58 --------------------------#
[32m[20221129 00:21:01 @agent_ppo.py:57][0m Sample time: 0.6905710697174072
[32m[20221129 00:21:04 @agent_ppo.py:62][0m Update time: 3.1146581172943115
[32m[20221129 00:21:04 @agent_ppo.py:67][0m Evaluation time: 0.1467907428741455
[32m[20221129 00:21:04 @pendulum_agent.py:126][0m Average TRAINING episode reward: 11.8
[32m[20221129 00:21:04 @pendulum_agent.py:127][0m Average EVALUATION episode reward: 0.0
[32m[20221129 00:21:04 @pendulum_agent.py:130][0m Total time: 3.9664299488067627
[32m[20221129 00:21:04 @pendulum_agent.py:132][0m 2950000 total steps have happened
[32m[20221129 00:21:04 @pendulum_agent.py:122][0m #------------------------ Iteration 59 --------------------------#
[32m[20221129 00:21:05 @agent_ppo.py:57][0m Sample time: 0.7386348247528076
[32m[20221129 00:21:08 @agent_ppo.py:62][0m Update time: 3.104973793029785
[32m[20221129 00:21:08 @agent_ppo.py:67][0m Evaluation time: 0.15570735931396484
[32m[20221129 00:21:08 @pendulum_agent.py:126][0m Average TRAINING episode reward: 0.0
[32m[20221129 00:21:08 @pendulum_agent.py:127][0m Average EVALUATION episode reward: 0.0
[32m[20221129 00:21:08 @pendulum_agent.py:130][0m Total time: 4.013644695281982
[32m[20221129 00:21:08 @pendulum_agent.py:132][0m 3000000 total steps have happened
[32m[20221129 00:21:08 @pendulum_agent.py:122][0m #------------------------ Iteration 60 --------------------------#
[32m[20221129 00:21:09 @agent_ppo.py:57][0m Sample time: 0.6966080665588379
[32m[20221129 00:21:12 @agent_ppo.py:62][0m Update time: 3.416053056716919
[32m[20221129 00:21:13 @agent_ppo.py:67][0m Evaluation time: 0.15539813041687012
[32m[20221129 00:21:13 @pendulum_agent.py:126][0m Average TRAINING episode reward: 11.48
[32m[20221129 00:21:13 @pendulum_agent.py:127][0m Average EVALUATION episode reward: 57.0
[32m[20221129 00:21:13 @pendulum_agent.py:130][0m Total time: 4.283737897872925
[32m[20221129 00:21:13 @pendulum_agent.py:132][0m 3050000 total steps have happened
[32m[20221129 00:21:13 @pendulum_agent.py:122][0m #------------------------ Iteration 61 --------------------------#
[32m[20221129 00:21:13 @agent_ppo.py:57][0m Sample time: 0.7005789279937744
[32m[20221129 00:21:17 @agent_ppo.py:62][0m Update time: 3.2069289684295654
[32m[20221129 00:21:17 @agent_ppo.py:67][0m Evaluation time: 0.1656491756439209
[32m[20221129 00:21:17 @pendulum_agent.py:126][0m Average TRAINING episode reward: 0.0
[32m[20221129 00:21:17 @pendulum_agent.py:127][0m Average EVALUATION episode reward: 0.0
[32m[20221129 00:21:17 @pendulum_agent.py:130][0m Total time: 4.089959144592285
[32m[20221129 00:21:17 @pendulum_agent.py:132][0m 3100000 total steps have happened
[32m[20221129 00:21:17 @pendulum_agent.py:122][0m #------------------------ Iteration 62 --------------------------#
[32m[20221129 00:21:17 @agent_ppo.py:57][0m Sample time: 0.7610900402069092
[32m[20221129 00:21:21 @agent_ppo.py:62][0m Update time: 3.1120638847351074
[32m[20221129 00:21:21 @agent_ppo.py:67][0m Evaluation time: 0.14007925987243652
[32m[20221129 00:21:21 @pendulum_agent.py:126][0m Average TRAINING episode reward: 13.8
[32m[20221129 00:21:21 @pendulum_agent.py:127][0m Average EVALUATION episode reward: 56.0
[32m[20221129 00:21:21 @pendulum_agent.py:130][0m Total time: 4.02960991859436
[32m[20221129 00:21:21 @pendulum_agent.py:132][0m 3150000 total steps have happened
[32m[20221129 00:21:21 @pendulum_agent.py:122][0m #------------------------ Iteration 63 --------------------------#
[32m[20221129 00:21:21 @agent_ppo.py:57][0m Sample time: 0.6898210048675537
[32m[20221129 00:21:25 @agent_ppo.py:62][0m Update time: 3.140151023864746
[32m[20221129 00:21:25 @agent_ppo.py:67][0m Evaluation time: 0.13898897171020508
[32m[20221129 00:21:25 @pendulum_agent.py:126][0m Average TRAINING episode reward: 11.0
[32m[20221129 00:21:25 @pendulum_agent.py:127][0m Average EVALUATION episode reward: 0.0
[32m[20221129 00:21:25 @pendulum_agent.py:130][0m Total time: 3.9841856956481934
[32m[20221129 00:21:25 @pendulum_agent.py:132][0m 3200000 total steps have happened
[32m[20221129 00:21:25 @pendulum_agent.py:122][0m #------------------------ Iteration 64 --------------------------#
[32m[20221129 00:21:25 @agent_ppo.py:57][0m Sample time: 0.6734941005706787
[32m[20221129 00:21:29 @agent_ppo.py:62][0m Update time: 3.126286745071411
[32m[20221129 00:21:29 @agent_ppo.py:67][0m Evaluation time: 0.15175509452819824
[32m[20221129 00:21:29 @pendulum_agent.py:126][0m Average TRAINING episode reward: 12.52
[32m[20221129 00:21:29 @pendulum_agent.py:127][0m Average EVALUATION episode reward: 55.0
[32m[20221129 00:21:29 @pendulum_agent.py:130][0m Total time: 3.9668009281158447
[32m[20221129 00:21:29 @pendulum_agent.py:132][0m 3250000 total steps have happened
[32m[20221129 00:21:29 @pendulum_agent.py:122][0m #------------------------ Iteration 65 --------------------------#
[32m[20221129 00:21:29 @agent_ppo.py:57][0m Sample time: 0.7536203861236572
[32m[20221129 00:21:33 @agent_ppo.py:62][0m Update time: 3.1226377487182617
[32m[20221129 00:21:33 @agent_ppo.py:67][0m Evaluation time: 0.1408700942993164
[32m[20221129 00:21:33 @pendulum_agent.py:126][0m Average TRAINING episode reward: 11.6
[32m[20221129 00:21:33 @pendulum_agent.py:127][0m Average EVALUATION episode reward: 0.0
[32m[20221129 00:21:33 @pendulum_agent.py:130][0m Total time: 4.032364845275879
[32m[20221129 00:21:33 @pendulum_agent.py:132][0m 3300000 total steps have happened
[32m[20221129 00:21:33 @pendulum_agent.py:122][0m #------------------------ Iteration 66 --------------------------#
[32m[20221129 00:21:33 @agent_ppo.py:57][0m Sample time: 0.6909770965576172
[32m[20221129 00:21:37 @agent_ppo.py:62][0m Update time: 3.1313118934631348
[32m[20221129 00:21:37 @agent_ppo.py:67][0m Evaluation time: 0.15262985229492188
[32m[20221129 00:21:37 @pendulum_agent.py:126][0m Average TRAINING episode reward: 0.0
[32m[20221129 00:21:37 @pendulum_agent.py:127][0m Average EVALUATION episode reward: 0.0
[32m[20221129 00:21:37 @pendulum_agent.py:130][0m Total time: 3.9876208305358887
[32m[20221129 00:21:37 @pendulum_agent.py:132][0m 3350000 total steps have happened
[32m[20221129 00:21:37 @pendulum_agent.py:122][0m #------------------------ Iteration 67 --------------------------#
[32m[20221129 00:21:37 @agent_ppo.py:57][0m Sample time: 0.6809189319610596
[32m[20221129 00:21:41 @agent_ppo.py:62][0m Update time: 3.129739999771118
[32m[20221129 00:21:41 @agent_ppo.py:67][0m Evaluation time: 0.15635108947753906
[32m[20221129 00:21:41 @pendulum_agent.py:126][0m Average TRAINING episode reward: 14.46
[32m[20221129 00:21:41 @pendulum_agent.py:127][0m Average EVALUATION episode reward: 0.0
[32m[20221129 00:21:41 @pendulum_agent.py:130][0m Total time: 3.984793186187744
[32m[20221129 00:21:41 @pendulum_agent.py:132][0m 3400000 total steps have happened
[32m[20221129 00:21:41 @pendulum_agent.py:122][0m #------------------------ Iteration 68 --------------------------#
[32m[20221129 00:21:41 @agent_ppo.py:57][0m Sample time: 0.7561981678009033
[32m[20221129 00:21:45 @agent_ppo.py:62][0m Update time: 3.1058356761932373
[32m[20221129 00:21:45 @agent_ppo.py:67][0m Evaluation time: 0.1420130729675293
[32m[20221129 00:21:45 @pendulum_agent.py:126][0m Average TRAINING episode reward: 0.0
[32m[20221129 00:21:45 @pendulum_agent.py:127][0m Average EVALUATION episode reward: 56.0
[32m[20221129 00:21:45 @pendulum_agent.py:130][0m Total time: 4.021597146987915
[32m[20221129 00:21:45 @pendulum_agent.py:132][0m 3450000 total steps have happened
[32m[20221129 00:21:45 @pendulum_agent.py:122][0m #------------------------ Iteration 69 --------------------------#
[32m[20221129 00:21:45 @agent_ppo.py:57][0m Sample time: 0.7226338386535645
[32m[20221129 00:21:49 @agent_ppo.py:62][0m Update time: 3.1344802379608154
[32m[20221129 00:21:49 @agent_ppo.py:67][0m Evaluation time: 0.14209294319152832
[32m[20221129 00:21:49 @pendulum_agent.py:126][0m Average TRAINING episode reward: 0.0
[32m[20221129 00:21:49 @pendulum_agent.py:127][0m Average EVALUATION episode reward: 0.0
[32m[20221129 00:21:49 @pendulum_agent.py:130][0m Total time: 4.013283014297485
[32m[20221129 00:21:49 @pendulum_agent.py:132][0m 3500000 total steps have happened
[32m[20221129 00:21:49 @pendulum_agent.py:122][0m #------------------------ Iteration 70 --------------------------#
[32m[20221129 00:21:49 @agent_ppo.py:57][0m Sample time: 0.6837632656097412
[32m[20221129 00:21:53 @agent_ppo.py:62][0m Update time: 3.1285767555236816
[32m[20221129 00:21:53 @agent_ppo.py:67][0m Evaluation time: 0.14240717887878418
[32m[20221129 00:21:53 @pendulum_agent.py:126][0m Average TRAINING episode reward: 0.0
[32m[20221129 00:21:53 @pendulum_agent.py:127][0m Average EVALUATION episode reward: 0.0
[32m[20221129 00:21:53 @pendulum_agent.py:130][0m Total time: 3.9723000526428223
[32m[20221129 00:21:53 @pendulum_agent.py:132][0m 3550000 total steps have happened
[32m[20221129 00:21:53 @pendulum_agent.py:122][0m #------------------------ Iteration 71 --------------------------#
[32m[20221129 00:21:53 @agent_ppo.py:57][0m Sample time: 0.7614388465881348
[32m[20221129 00:21:57 @agent_ppo.py:62][0m Update time: 3.115144968032837
[32m[20221129 00:21:57 @agent_ppo.py:67][0m Evaluation time: 0.1350231170654297
[32m[20221129 00:21:57 @pendulum_agent.py:126][0m Average TRAINING episode reward: 11.4
[32m[20221129 00:21:57 @pendulum_agent.py:127][0m Average EVALUATION episode reward: 0.0
[32m[20221129 00:21:57 @pendulum_agent.py:130][0m Total time: 4.0258259773254395
[32m[20221129 00:21:57 @pendulum_agent.py:132][0m 3600000 total steps have happened
[32m[20221129 00:21:57 @pendulum_agent.py:122][0m #------------------------ Iteration 72 --------------------------#
[32m[20221129 00:21:57 @agent_ppo.py:57][0m Sample time: 0.687716007232666
[32m[20221129 00:22:01 @agent_ppo.py:62][0m Update time: 3.1197900772094727
[32m[20221129 00:22:01 @agent_ppo.py:67][0m Evaluation time: 0.14308595657348633
[32m[20221129 00:22:01 @pendulum_agent.py:126][0m Average TRAINING episode reward: 13.06
[32m[20221129 00:22:01 @pendulum_agent.py:127][0m Average EVALUATION episode reward: 0.0
[32m[20221129 00:22:01 @pendulum_agent.py:130][0m Total time: 3.964597225189209
[32m[20221129 00:22:01 @pendulum_agent.py:132][0m 3650000 total steps have happened
[32m[20221129 00:22:01 @pendulum_agent.py:122][0m #------------------------ Iteration 73 --------------------------#
[32m[20221129 00:22:01 @agent_ppo.py:57][0m Sample time: 0.6743731498718262
[32m[20221129 00:22:04 @agent_ppo.py:62][0m Update time: 3.0920889377593994
[32m[20221129 00:22:05 @agent_ppo.py:67][0m Evaluation time: 0.14760112762451172
[32m[20221129 00:22:05 @pendulum_agent.py:126][0m Average TRAINING episode reward: 0.0
[32m[20221129 00:22:05 @pendulum_agent.py:127][0m Average EVALUATION episode reward: 0.0
[32m[20221129 00:22:05 @pendulum_agent.py:130][0m Total time: 3.928447961807251
[32m[20221129 00:22:05 @pendulum_agent.py:132][0m 3700000 total steps have happened
[32m[20221129 00:22:05 @pendulum_agent.py:122][0m #------------------------ Iteration 74 --------------------------#
[32m[20221129 00:22:05 @agent_ppo.py:57][0m Sample time: 0.7630488872528076
[32m[20221129 00:22:09 @agent_ppo.py:62][0m Update time: 3.118798017501831
[32m[20221129 00:22:09 @agent_ppo.py:67][0m Evaluation time: 0.14112091064453125
[32m[20221129 00:22:09 @pendulum_agent.py:126][0m Average TRAINING episode reward: 0.0
[32m[20221129 00:22:09 @pendulum_agent.py:127][0m Average EVALUATION episode reward: 0.0
[32m[20221129 00:22:09 @pendulum_agent.py:130][0m Total time: 4.037046909332275
[32m[20221129 00:22:09 @pendulum_agent.py:132][0m 3750000 total steps have happened
[32m[20221129 00:22:09 @pendulum_agent.py:122][0m #------------------------ Iteration 75 --------------------------#
[32m[20221129 00:22:09 @agent_ppo.py:57][0m Sample time: 0.68044114112854
[32m[20221129 00:22:12 @agent_ppo.py:62][0m Update time: 3.106045961380005
[32m[20221129 00:22:13 @agent_ppo.py:67][0m Evaluation time: 0.14493370056152344
[32m[20221129 00:22:13 @pendulum_agent.py:126][0m Average TRAINING episode reward: 14.02
[32m[20221129 00:22:13 @pendulum_agent.py:127][0m Average EVALUATION episode reward: 0.0
[32m[20221129 00:22:13 @pendulum_agent.py:130][0m Total time: 3.9476559162139893
[32m[20221129 00:22:13 @pendulum_agent.py:132][0m 3800000 total steps have happened
[32m[20221129 00:22:13 @pendulum_agent.py:122][0m #------------------------ Iteration 76 --------------------------#
[32m[20221129 00:22:13 @agent_ppo.py:57][0m Sample time: 0.7083652019500732
[32m[20221129 00:22:16 @agent_ppo.py:62][0m Update time: 3.0836737155914307
[32m[20221129 00:22:17 @agent_ppo.py:67][0m Evaluation time: 0.1570591926574707
[32m[20221129 00:22:17 @pendulum_agent.py:126][0m Average TRAINING episode reward: 11.6
[32m[20221129 00:22:17 @pendulum_agent.py:127][0m Average EVALUATION episode reward: 0.0
[32m[20221129 00:22:17 @pendulum_agent.py:130][0m Total time: 3.9633288383483887
[32m[20221129 00:22:17 @pendulum_agent.py:132][0m 3850000 total steps have happened
[32m[20221129 00:22:17 @pendulum_agent.py:122][0m #------------------------ Iteration 77 --------------------------#
[32m[20221129 00:22:17 @agent_ppo.py:57][0m Sample time: 0.7629289627075195
[32m[20221129 00:22:20 @agent_ppo.py:62][0m Update time: 3.1080429553985596
[32m[20221129 00:22:21 @agent_ppo.py:67][0m Evaluation time: 0.14034414291381836
[32m[20221129 00:22:21 @pendulum_agent.py:126][0m Average TRAINING episode reward: 11.8
[32m[20221129 00:22:21 @pendulum_agent.py:127][0m Average EVALUATION episode reward: 0.0
[32m[20221129 00:22:21 @pendulum_agent.py:130][0m Total time: 4.0286970138549805
[32m[20221129 00:22:21 @pendulum_agent.py:132][0m 3900000 total steps have happened
[32m[20221129 00:22:21 @pendulum_agent.py:122][0m #------------------------ Iteration 78 --------------------------#
[32m[20221129 00:22:21 @agent_ppo.py:57][0m Sample time: 0.6996910572052002
[32m[20221129 00:22:24 @agent_ppo.py:62][0m Update time: 3.106123924255371
[32m[20221129 00:22:25 @agent_ppo.py:67][0m Evaluation time: 0.14048218727111816
[32m[20221129 00:22:25 @pendulum_agent.py:126][0m Average TRAINING episode reward: 14.9
[32m[20221129 00:22:25 @pendulum_agent.py:127][0m Average EVALUATION episode reward: 55.0
[32m[20221129 00:22:25 @pendulum_agent.py:130][0m Total time: 3.963953971862793
[32m[20221129 00:22:25 @pendulum_agent.py:132][0m 3950000 total steps have happened
[32m[20221129 00:22:25 @pendulum_agent.py:122][0m #------------------------ Iteration 79 --------------------------#
[32m[20221129 00:22:25 @agent_ppo.py:57][0m Sample time: 0.6863620281219482
[32m[20221129 00:22:28 @agent_ppo.py:62][0m Update time: 3.1258492469787598
[32m[20221129 00:22:29 @agent_ppo.py:67][0m Evaluation time: 0.14173579216003418
[32m[20221129 00:22:29 @pendulum_agent.py:126][0m Average TRAINING episode reward: 0.0
[32m[20221129 00:22:29 @pendulum_agent.py:127][0m Average EVALUATION episode reward: 58.0
[32m[20221129 00:22:29 @pendulum_agent.py:130][0m Total time: 3.968134880065918
[32m[20221129 00:22:29 @pendulum_agent.py:132][0m 4000000 total steps have happened
[32m[20221129 00:22:29 @pendulum_agent.py:122][0m #------------------------ Iteration 80 --------------------------#
[32m[20221129 00:22:29 @agent_ppo.py:57][0m Sample time: 0.7656960487365723
[32m[20221129 00:22:32 @agent_ppo.py:62][0m Update time: 3.095958948135376
[32m[20221129 00:22:33 @agent_ppo.py:67][0m Evaluation time: 0.14494013786315918
[32m[20221129 00:22:33 @pendulum_agent.py:126][0m Average TRAINING episode reward: 11.82
[32m[20221129 00:22:33 @pendulum_agent.py:127][0m Average EVALUATION episode reward: 0.0
[32m[20221129 00:22:33 @pendulum_agent.py:130][0m Total time: 4.021283864974976
[32m[20221129 00:22:33 @pendulum_agent.py:132][0m 4050000 total steps have happened
[32m[20221129 00:22:33 @pendulum_agent.py:122][0m #------------------------ Iteration 81 --------------------------#
[32m[20221129 00:22:33 @agent_ppo.py:57][0m Sample time: 0.7133157253265381
[32m[20221129 00:22:36 @agent_ppo.py:62][0m Update time: 3.115077257156372
[32m[20221129 00:22:37 @agent_ppo.py:67][0m Evaluation time: 0.13689064979553223
[32m[20221129 00:22:37 @pendulum_agent.py:126][0m Average TRAINING episode reward: 22.6
[32m[20221129 00:22:37 @pendulum_agent.py:127][0m Average EVALUATION episode reward: 0.0
[32m[20221129 00:22:37 @pendulum_agent.py:130][0m Total time: 3.98057222366333
[32m[20221129 00:22:37 @pendulum_agent.py:132][0m 4100000 total steps have happened
[32m[20221129 00:22:37 @pendulum_agent.py:122][0m #------------------------ Iteration 82 --------------------------#
[32m[20221129 00:22:37 @agent_ppo.py:57][0m Sample time: 0.691978931427002
[32m[20221129 00:22:40 @agent_ppo.py:62][0m Update time: 3.1002259254455566
[32m[20221129 00:22:41 @agent_ppo.py:67][0m Evaluation time: 0.14690089225769043
[32m[20221129 00:22:41 @pendulum_agent.py:126][0m Average TRAINING episode reward: 11.6
[32m[20221129 00:22:41 @pendulum_agent.py:127][0m Average EVALUATION episode reward: 0.0
[32m[20221129 00:22:41 @pendulum_agent.py:130][0m Total time: 3.955436944961548
[32m[20221129 00:22:41 @pendulum_agent.py:132][0m 4150000 total steps have happened
[32m[20221129 00:22:41 @pendulum_agent.py:122][0m #------------------------ Iteration 83 --------------------------#
[32m[20221129 00:22:41 @agent_ppo.py:57][0m Sample time: 0.7693829536437988
[32m[20221129 00:22:44 @agent_ppo.py:62][0m Update time: 3.0792880058288574
[32m[20221129 00:22:45 @agent_ppo.py:67][0m Evaluation time: 0.14136791229248047
[32m[20221129 00:22:45 @pendulum_agent.py:126][0m Average TRAINING episode reward: 0.0
[32m[20221129 00:22:45 @pendulum_agent.py:127][0m Average EVALUATION episode reward: 0.0
[32m[20221129 00:22:45 @pendulum_agent.py:130][0m Total time: 4.005454778671265
[32m[20221129 00:22:45 @pendulum_agent.py:132][0m 4200000 total steps have happened
[32m[20221129 00:22:45 @pendulum_agent.py:122][0m #------------------------ Iteration 84 --------------------------#
[32m[20221129 00:22:45 @agent_ppo.py:57][0m Sample time: 0.6841170787811279
[32m[20221129 00:22:48 @agent_ppo.py:62][0m Update time: 3.128018856048584
[32m[20221129 00:22:48 @agent_ppo.py:67][0m Evaluation time: 0.14119505882263184
[32m[20221129 00:22:48 @pendulum_agent.py:126][0m Average TRAINING episode reward: 11.8
[32m[20221129 00:22:48 @pendulum_agent.py:127][0m Average EVALUATION episode reward: 55.0
[32m[20221129 00:22:48 @pendulum_agent.py:130][0m Total time: 3.9682881832122803
[32m[20221129 00:22:48 @pendulum_agent.py:132][0m 4250000 total steps have happened
[32m[20221129 00:22:48 @pendulum_agent.py:122][0m #------------------------ Iteration 85 --------------------------#
[32m[20221129 00:22:49 @agent_ppo.py:57][0m Sample time: 0.6686718463897705
[32m[20221129 00:22:52 @agent_ppo.py:62][0m Update time: 3.1002843379974365
[32m[20221129 00:22:52 @agent_ppo.py:67][0m Evaluation time: 0.14878487586975098
[32m[20221129 00:22:52 @pendulum_agent.py:126][0m Average TRAINING episode reward: 0.0
[32m[20221129 00:22:52 @pendulum_agent.py:127][0m Average EVALUATION episode reward: 0.0
[32m[20221129 00:22:52 @pendulum_agent.py:130][0m Total time: 3.9319980144500732
[32m[20221129 00:22:52 @pendulum_agent.py:132][0m 4300000 total steps have happened
[32m[20221129 00:22:52 @pendulum_agent.py:122][0m #------------------------ Iteration 86 --------------------------#
[32m[20221129 00:22:53 @agent_ppo.py:57][0m Sample time: 0.7495348453521729
[32m[20221129 00:22:56 @agent_ppo.py:62][0m Update time: 3.1241259574890137
[32m[20221129 00:22:56 @agent_ppo.py:67][0m Evaluation time: 0.13953709602355957
[32m[20221129 00:22:56 @pendulum_agent.py:126][0m Average TRAINING episode reward: 0.0
[32m[20221129 00:22:56 @pendulum_agent.py:127][0m Average EVALUATION episode reward: 0.0
[32m[20221129 00:22:56 @pendulum_agent.py:130][0m Total time: 4.029256820678711
[32m[20221129 00:22:56 @pendulum_agent.py:132][0m 4350000 total steps have happened
[32m[20221129 00:22:56 @pendulum_agent.py:122][0m #------------------------ Iteration 87 --------------------------#
[32m[20221129 00:22:57 @agent_ppo.py:57][0m Sample time: 0.6943700313568115
[32m[20221129 00:23:00 @agent_ppo.py:62][0m Update time: 3.1078038215637207
[32m[20221129 00:23:00 @agent_ppo.py:67][0m Evaluation time: 0.1368720531463623
[32m[20221129 00:23:00 @pendulum_agent.py:126][0m Average TRAINING episode reward: 0.0
[32m[20221129 00:23:00 @pendulum_agent.py:127][0m Average EVALUATION episode reward: 0.0
[32m[20221129 00:23:00 @pendulum_agent.py:130][0m Total time: 3.952259063720703
[32m[20221129 00:23:00 @pendulum_agent.py:132][0m 4400000 total steps have happened
[32m[20221129 00:23:00 @pendulum_agent.py:122][0m #------------------------ Iteration 88 --------------------------#
[32m[20221129 00:23:01 @agent_ppo.py:57][0m Sample time: 0.7065439224243164
[32m[20221129 00:23:04 @agent_ppo.py:62][0m Update time: 3.0894839763641357
[32m[20221129 00:23:04 @agent_ppo.py:67][0m Evaluation time: 0.1416640281677246
[32m[20221129 00:23:04 @pendulum_agent.py:126][0m Average TRAINING episode reward: 23.0
[32m[20221129 00:23:04 @pendulum_agent.py:127][0m Average EVALUATION episode reward: 0.0
[32m[20221129 00:23:04 @pendulum_agent.py:130][0m Total time: 3.9536430835723877
[32m[20221129 00:23:04 @pendulum_agent.py:132][0m 4450000 total steps have happened
[32m[20221129 00:23:04 @pendulum_agent.py:122][0m #------------------------ Iteration 89 --------------------------#
[32m[20221129 00:23:05 @agent_ppo.py:57][0m Sample time: 0.7588710784912109
[32m[20221129 00:23:08 @agent_ppo.py:62][0m Update time: 3.0962769985198975
[32m[20221129 00:23:08 @agent_ppo.py:67][0m Evaluation time: 0.15247607231140137
[32m[20221129 00:23:08 @pendulum_agent.py:126][0m Average TRAINING episode reward: 0.0
[32m[20221129 00:23:08 @pendulum_agent.py:127][0m Average EVALUATION episode reward: 0.0
[32m[20221129 00:23:08 @pendulum_agent.py:130][0m Total time: 4.023353815078735
[32m[20221129 00:23:08 @pendulum_agent.py:132][0m 4500000 total steps have happened
[32m[20221129 00:23:08 @pendulum_agent.py:122][0m #------------------------ Iteration 90 --------------------------#
[32m[20221129 00:23:09 @agent_ppo.py:57][0m Sample time: 0.7015120983123779
[32m[20221129 00:23:12 @agent_ppo.py:62][0m Update time: 3.1211938858032227
[32m[20221129 00:23:12 @agent_ppo.py:67][0m Evaluation time: 0.14186406135559082
[32m[20221129 00:23:12 @pendulum_agent.py:126][0m Average TRAINING episode reward: 0.0
[32m[20221129 00:23:12 @pendulum_agent.py:127][0m Average EVALUATION episode reward: 0.0
[32m[20221129 00:23:12 @pendulum_agent.py:130][0m Total time: 3.980573892593384
[32m[20221129 00:23:12 @pendulum_agent.py:132][0m 4550000 total steps have happened
[32m[20221129 00:23:12 @pendulum_agent.py:122][0m #------------------------ Iteration 91 --------------------------#
[32m[20221129 00:23:13 @agent_ppo.py:57][0m Sample time: 0.6795809268951416
[32m[20221129 00:23:16 @agent_ppo.py:62][0m Update time: 3.1002869606018066
[32m[20221129 00:23:16 @agent_ppo.py:67][0m Evaluation time: 0.1493701934814453
[32m[20221129 00:23:16 @pendulum_agent.py:126][0m Average TRAINING episode reward: 14.4
[32m[20221129 00:23:16 @pendulum_agent.py:127][0m Average EVALUATION episode reward: 0.0
[32m[20221129 00:23:16 @pendulum_agent.py:130][0m Total time: 3.945374011993408
[32m[20221129 00:23:16 @pendulum_agent.py:132][0m 4600000 total steps have happened
[32m[20221129 00:23:16 @pendulum_agent.py:122][0m #------------------------ Iteration 92 --------------------------#
[32m[20221129 00:23:17 @agent_ppo.py:57][0m Sample time: 0.7572810649871826
[32m[20221129 00:23:20 @agent_ppo.py:62][0m Update time: 3.2576417922973633
[32m[20221129 00:23:20 @agent_ppo.py:67][0m Evaluation time: 0.16330718994140625
[32m[20221129 00:23:21 @pendulum_agent.py:126][0m Average TRAINING episode reward: 0.0
[32m[20221129 00:23:21 @pendulum_agent.py:127][0m Average EVALUATION episode reward: 0.0
[32m[20221129 00:23:21 @pendulum_agent.py:130][0m Total time: 4.192716121673584
[32m[20221129 00:23:21 @pendulum_agent.py:132][0m 4650000 total steps have happened
[32m[20221129 00:23:21 @pendulum_agent.py:122][0m #------------------------ Iteration 93 --------------------------#
[32m[20221129 00:23:21 @agent_ppo.py:57][0m Sample time: 0.7217988967895508
[32m[20221129 00:23:24 @agent_ppo.py:62][0m Update time: 3.173173189163208
[32m[20221129 00:23:25 @agent_ppo.py:67][0m Evaluation time: 0.15778017044067383
[32m[20221129 00:23:25 @pendulum_agent.py:126][0m Average TRAINING episode reward: 0.0
[32m[20221129 00:23:25 @pendulum_agent.py:127][0m Average EVALUATION episode reward: 52.0
[32m[20221129 00:23:25 @pendulum_agent.py:130][0m Total time: 4.065253973007202
[32m[20221129 00:23:25 @pendulum_agent.py:132][0m 4700000 total steps have happened
[32m[20221129 00:23:25 @pendulum_agent.py:122][0m #------------------------ Iteration 94 --------------------------#
[32m[20221129 00:23:25 @agent_ppo.py:57][0m Sample time: 0.7376458644866943
[32m[20221129 00:23:28 @agent_ppo.py:62][0m Update time: 3.1786530017852783
[32m[20221129 00:23:29 @agent_ppo.py:67][0m Evaluation time: 0.19081497192382812
[32m[20221129 00:23:29 @pendulum_agent.py:126][0m Average TRAINING episode reward: 25.2
[32m[20221129 00:23:29 @pendulum_agent.py:127][0m Average EVALUATION episode reward: 0.0
[32m[20221129 00:23:29 @pendulum_agent.py:130][0m Total time: 4.122546195983887
[32m[20221129 00:23:29 @pendulum_agent.py:132][0m 4750000 total steps have happened
[32m[20221129 00:23:29 @pendulum_agent.py:122][0m #------------------------ Iteration 95 --------------------------#
[32m[20221129 00:23:30 @agent_ppo.py:57][0m Sample time: 1.2326109409332275
[32m[20221129 00:23:33 @agent_ppo.py:62][0m Update time: 3.275607109069824
[32m[20221129 00:23:33 @agent_ppo.py:67][0m Evaluation time: 0.18058180809020996
[32m[20221129 00:23:33 @pendulum_agent.py:126][0m Average TRAINING episode reward: 10.6
[32m[20221129 00:23:33 @pendulum_agent.py:127][0m Average EVALUATION episode reward: 0.0
[32m[20221129 00:23:33 @pendulum_agent.py:130][0m Total time: 4.7055370807647705
[32m[20221129 00:23:33 @pendulum_agent.py:132][0m 4800000 total steps have happened
[32m[20221129 00:23:33 @pendulum_agent.py:122][0m #------------------------ Iteration 96 --------------------------#
[32m[20221129 00:23:34 @agent_ppo.py:57][0m Sample time: 0.6967508792877197
[32m[20221129 00:23:37 @agent_ppo.py:62][0m Update time: 3.1255218982696533
[32m[20221129 00:23:37 @agent_ppo.py:67][0m Evaluation time: 0.14353704452514648
[32m[20221129 00:23:37 @pendulum_agent.py:126][0m Average TRAINING episode reward: 0.0
[32m[20221129 00:23:37 @pendulum_agent.py:127][0m Average EVALUATION episode reward: 0.0
[32m[20221129 00:23:37 @pendulum_agent.py:130][0m Total time: 3.9808309078216553
[32m[20221129 00:23:37 @pendulum_agent.py:132][0m 4850000 total steps have happened
[32m[20221129 00:23:37 @pendulum_agent.py:122][0m #------------------------ Iteration 97 --------------------------#
[32m[20221129 00:23:38 @agent_ppo.py:57][0m Sample time: 0.6894299983978271
[32m[20221129 00:23:41 @agent_ppo.py:62][0m Update time: 3.004962205886841
[32m[20221129 00:23:41 @agent_ppo.py:67][0m Evaluation time: 0.1502058506011963
[32m[20221129 00:23:41 @pendulum_agent.py:126][0m Average TRAINING episode reward: 0.0
[32m[20221129 00:23:41 @pendulum_agent.py:127][0m Average EVALUATION episode reward: 77.0
[32m[20221129 00:23:41 @pendulum_agent.py:130][0m Total time: 3.8587582111358643
[32m[20221129 00:23:41 @pendulum_agent.py:132][0m 4900000 total steps have happened
[32m[20221129 00:23:41 @pendulum_agent.py:122][0m #------------------------ Iteration 98 --------------------------#
[32m[20221129 00:23:42 @agent_ppo.py:57][0m Sample time: 0.7781329154968262
[32m[20221129 00:23:45 @agent_ppo.py:62][0m Update time: 3.065263032913208
[32m[20221129 00:23:45 @agent_ppo.py:67][0m Evaluation time: 0.14137601852416992
[32m[20221129 00:23:45 @pendulum_agent.py:126][0m Average TRAINING episode reward: 15.8
[32m[20221129 00:23:45 @pendulum_agent.py:127][0m Average EVALUATION episode reward: 0.0
[32m[20221129 00:23:45 @pendulum_agent.py:130][0m Total time: 3.9982147216796875
[32m[20221129 00:23:45 @pendulum_agent.py:132][0m 4950000 total steps have happened
[32m[20221129 00:23:45 @pendulum_agent.py:122][0m #------------------------ Iteration 99 --------------------------#
[32m[20221129 00:23:46 @agent_ppo.py:57][0m Sample time: 0.6822681427001953
[32m[20221129 00:23:49 @agent_ppo.py:62][0m Update time: 3.2612900733947754
[32m[20221129 00:23:49 @agent_ppo.py:67][0m Evaluation time: 0.16312694549560547
[32m[20221129 00:23:49 @pendulum_agent.py:126][0m Average TRAINING episode reward: 22.0
[32m[20221129 00:23:49 @pendulum_agent.py:127][0m Average EVALUATION episode reward: 0.0
[32m[20221129 00:23:49 @pendulum_agent.py:103][0m [4m[34mCRITICAL[0m Saving the interval checkpoint with rewards 80.00
[32m[20221129 00:23:49 @pendulum_agent.py:130][0m Total time: 4.123131036758423
[32m[20221129 00:23:49 @pendulum_agent.py:132][0m 5000000 total steps have happened
[32m[20221129 00:23:49 @pendulum_agent.py:122][0m #------------------------ Iteration 100 --------------------------#
[32m[20221129 00:23:50 @agent_ppo.py:57][0m Sample time: 0.7452630996704102
[32m[20221129 00:23:53 @agent_ppo.py:62][0m Update time: 3.3506228923797607
[32m[20221129 00:23:54 @agent_ppo.py:67][0m Evaluation time: 0.1638317108154297
[32m[20221129 00:23:54 @pendulum_agent.py:126][0m Average TRAINING episode reward: 11.0
[32m[20221129 00:23:54 @pendulum_agent.py:127][0m Average EVALUATION episode reward: 0.0
[32m[20221129 00:23:54 @pendulum_agent.py:130][0m Total time: 4.275710105895996
[32m[20221129 00:23:54 @pendulum_agent.py:132][0m 5050000 total steps have happened
[32m[20221129 00:23:54 @pendulum_agent.py:122][0m #------------------------ Iteration 101 --------------------------#
[32m[20221129 00:23:55 @agent_ppo.py:57][0m Sample time: 0.8925409317016602
[32m[20221129 00:23:58 @agent_ppo.py:62][0m Update time: 3.242075204849243
[32m[20221129 00:23:58 @agent_ppo.py:67][0m Evaluation time: 0.14503979682922363
[32m[20221129 00:23:58 @pendulum_agent.py:126][0m Average TRAINING episode reward: 37.4
[32m[20221129 00:23:58 @pendulum_agent.py:127][0m Average EVALUATION episode reward: 0.0
[32m[20221129 00:23:58 @pendulum_agent.py:130][0m Total time: 4.2951979637146
[32m[20221129 00:23:58 @pendulum_agent.py:132][0m 5100000 total steps have happened
[32m[20221129 00:23:58 @pendulum_agent.py:122][0m #------------------------ Iteration 102 --------------------------#
[32m[20221129 00:23:59 @agent_ppo.py:57][0m Sample time: 0.7608668804168701
[32m[20221129 00:24:02 @agent_ppo.py:62][0m Update time: 3.214182138442993
[32m[20221129 00:24:02 @agent_ppo.py:67][0m Evaluation time: 0.15490102767944336
[32m[20221129 00:24:02 @pendulum_agent.py:126][0m Average TRAINING episode reward: 0.0
[32m[20221129 00:24:02 @pendulum_agent.py:127][0m Average EVALUATION episode reward: 55.0
[32m[20221129 00:24:02 @pendulum_agent.py:130][0m Total time: 4.146414041519165
[32m[20221129 00:24:02 @pendulum_agent.py:132][0m 5150000 total steps have happened
[32m[20221129 00:24:02 @pendulum_agent.py:122][0m #------------------------ Iteration 103 --------------------------#
[32m[20221129 00:24:03 @agent_ppo.py:57][0m Sample time: 0.6743998527526855
[32m[20221129 00:24:06 @agent_ppo.py:62][0m Update time: 3.321532964706421
[32m[20221129 00:24:06 @agent_ppo.py:67][0m Evaluation time: 0.1398918628692627
[32m[20221129 00:24:06 @pendulum_agent.py:126][0m Average TRAINING episode reward: 11.4
[32m[20221129 00:24:06 @pendulum_agent.py:127][0m Average EVALUATION episode reward: 0.0
[32m[20221129 00:24:06 @pendulum_agent.py:130][0m Total time: 4.152403354644775
[32m[20221129 00:24:06 @pendulum_agent.py:132][0m 5200000 total steps have happened
[32m[20221129 00:24:06 @pendulum_agent.py:122][0m #------------------------ Iteration 104 --------------------------#
[32m[20221129 00:24:07 @agent_ppo.py:57][0m Sample time: 0.8071208000183105
[32m[20221129 00:24:10 @agent_ppo.py:62][0m Update time: 3.2002391815185547
[32m[20221129 00:24:10 @agent_ppo.py:67][0m Evaluation time: 0.15004897117614746
[32m[20221129 00:24:10 @pendulum_agent.py:126][0m Average TRAINING episode reward: 13.4
[32m[20221129 00:24:10 @pendulum_agent.py:127][0m Average EVALUATION episode reward: 0.0
[32m[20221129 00:24:10 @pendulum_agent.py:130][0m Total time: 4.171807050704956
[32m[20221129 00:24:10 @pendulum_agent.py:132][0m 5250000 total steps have happened
[32m[20221129 00:24:10 @pendulum_agent.py:122][0m #------------------------ Iteration 105 --------------------------#
[32m[20221129 00:24:11 @agent_ppo.py:57][0m Sample time: 0.7309539318084717
[32m[20221129 00:24:15 @agent_ppo.py:62][0m Update time: 3.9083402156829834
[32m[20221129 00:24:15 @agent_ppo.py:67][0m Evaluation time: 0.18183302879333496
[32m[20221129 00:24:15 @pendulum_agent.py:126][0m Average TRAINING episode reward: 0.0
[32m[20221129 00:24:15 @pendulum_agent.py:127][0m Average EVALUATION episode reward: 61.0
[32m[20221129 00:24:15 @pendulum_agent.py:130][0m Total time: 4.836932182312012
[32m[20221129 00:24:15 @pendulum_agent.py:132][0m 5300000 total steps have happened
[32m[20221129 00:24:15 @pendulum_agent.py:122][0m #------------------------ Iteration 106 --------------------------#
[32m[20221129 00:24:16 @agent_ppo.py:57][0m Sample time: 0.6848080158233643
[32m[20221129 00:24:19 @agent_ppo.py:62][0m Update time: 3.136784791946411
[32m[20221129 00:24:19 @agent_ppo.py:67][0m Evaluation time: 0.19336509704589844
[32m[20221129 00:24:19 @pendulum_agent.py:126][0m Average TRAINING episode reward: 0.0
[32m[20221129 00:24:19 @pendulum_agent.py:127][0m Average EVALUATION episode reward: 0.0
[32m[20221129 00:24:19 @pendulum_agent.py:130][0m Total time: 4.031692981719971
[32m[20221129 00:24:19 @pendulum_agent.py:132][0m 5350000 total steps have happened
[32m[20221129 00:24:19 @pendulum_agent.py:122][0m #------------------------ Iteration 107 --------------------------#
[32m[20221129 00:24:21 @agent_ppo.py:57][0m Sample time: 1.5459599494934082
[32m[20221129 00:24:24 @agent_ppo.py:62][0m Update time: 3.3046281337738037
[32m[20221129 00:24:24 @agent_ppo.py:67][0m Evaluation time: 0.1998608112335205
[32m[20221129 00:24:24 @pendulum_agent.py:126][0m Average TRAINING episode reward: 23.6
[32m[20221129 00:24:24 @pendulum_agent.py:127][0m Average EVALUATION episode reward: 0.0
[32m[20221129 00:24:24 @pendulum_agent.py:130][0m Total time: 5.065610885620117
[32m[20221129 00:24:24 @pendulum_agent.py:132][0m 5400000 total steps have happened
[32m[20221129 00:24:24 @pendulum_agent.py:122][0m #------------------------ Iteration 108 --------------------------#
[32m[20221129 00:24:25 @agent_ppo.py:57][0m Sample time: 0.6951627731323242
[32m[20221129 00:24:28 @agent_ppo.py:62][0m Update time: 3.1412689685821533
[32m[20221129 00:24:28 @agent_ppo.py:67][0m Evaluation time: 0.1685791015625
[32m[20221129 00:24:28 @pendulum_agent.py:126][0m Average TRAINING episode reward: 0.0
[32m[20221129 00:24:28 @pendulum_agent.py:127][0m Average EVALUATION episode reward: 0.0
[32m[20221129 00:24:28 @pendulum_agent.py:130][0m Total time: 4.020066976547241
[32m[20221129 00:24:28 @pendulum_agent.py:132][0m 5450000 total steps have happened
[32m[20221129 00:24:28 @pendulum_agent.py:122][0m #------------------------ Iteration 109 --------------------------#
[32m[20221129 00:24:29 @agent_ppo.py:57][0m Sample time: 0.7105362415313721
[32m[20221129 00:24:32 @agent_ppo.py:62][0m Update time: 3.1426897048950195
[32m[20221129 00:24:32 @agent_ppo.py:67][0m Evaluation time: 0.13918519020080566
[32m[20221129 00:24:32 @pendulum_agent.py:126][0m Average TRAINING episode reward: 26.8
[32m[20221129 00:24:32 @pendulum_agent.py:127][0m Average EVALUATION episode reward: 0.0
[32m[20221129 00:24:32 @pendulum_agent.py:130][0m Total time: 4.006617069244385
[32m[20221129 00:24:32 @pendulum_agent.py:132][0m 5500000 total steps have happened
[32m[20221129 00:24:32 @pendulum_agent.py:122][0m #------------------------ Iteration 110 --------------------------#
[32m[20221129 00:24:33 @agent_ppo.py:57][0m Sample time: 0.7910599708557129
[32m[20221129 00:24:36 @agent_ppo.py:62][0m Update time: 3.08376407623291
[32m[20221129 00:24:36 @agent_ppo.py:67][0m Evaluation time: 0.15136098861694336
[32m[20221129 00:24:36 @pendulum_agent.py:126][0m Average TRAINING episode reward: 15.2
[32m[20221129 00:24:36 @pendulum_agent.py:127][0m Average EVALUATION episode reward: 58.0
[32m[20221129 00:24:36 @pendulum_agent.py:130][0m Total time: 4.043655157089233
[32m[20221129 00:24:36 @pendulum_agent.py:132][0m 5550000 total steps have happened
[32m[20221129 00:24:36 @pendulum_agent.py:122][0m #------------------------ Iteration 111 --------------------------#
[32m[20221129 00:24:37 @agent_ppo.py:57][0m Sample time: 0.7113509178161621
[32m[20221129 00:24:40 @agent_ppo.py:62][0m Update time: 3.202195167541504
[32m[20221129 00:24:41 @agent_ppo.py:67][0m Evaluation time: 0.16335701942443848
[32m[20221129 00:24:41 @pendulum_agent.py:126][0m Average TRAINING episode reward: 22.6
[32m[20221129 00:24:41 @pendulum_agent.py:127][0m Average EVALUATION episode reward: 0.0
[32m[20221129 00:24:41 @pendulum_agent.py:130][0m Total time: 4.091017007827759
[32m[20221129 00:24:41 @pendulum_agent.py:132][0m 5600000 total steps have happened
[32m[20221129 00:24:41 @pendulum_agent.py:122][0m #------------------------ Iteration 112 --------------------------#
[32m[20221129 00:24:41 @agent_ppo.py:57][0m Sample time: 0.8990552425384521
[32m[20221129 00:24:45 @agent_ppo.py:62][0m Update time: 3.2789177894592285
[32m[20221129 00:24:45 @agent_ppo.py:67][0m Evaluation time: 0.14291620254516602
[32m[20221129 00:24:45 @pendulum_agent.py:126][0m Average TRAINING episode reward: 0.0
[32m[20221129 00:24:45 @pendulum_agent.py:127][0m Average EVALUATION episode reward: 55.0
[32m[20221129 00:24:45 @pendulum_agent.py:130][0m Total time: 4.334609746932983
[32m[20221129 00:24:45 @pendulum_agent.py:132][0m 5650000 total steps have happened
[32m[20221129 00:24:45 @pendulum_agent.py:122][0m #------------------------ Iteration 113 --------------------------#
[32m[20221129 00:24:46 @agent_ppo.py:57][0m Sample time: 0.8474299907684326
[32m[20221129 00:24:49 @agent_ppo.py:62][0m Update time: 3.1739518642425537
[32m[20221129 00:24:49 @agent_ppo.py:67][0m Evaluation time: 0.15927910804748535
[32m[20221129 00:24:49 @pendulum_agent.py:126][0m Average TRAINING episode reward: 22.2
[32m[20221129 00:24:49 @pendulum_agent.py:127][0m Average EVALUATION episode reward: 56.0
[32m[20221129 00:24:49 @pendulum_agent.py:130][0m Total time: 4.194777727127075
[32m[20221129 00:24:49 @pendulum_agent.py:132][0m 5700000 total steps have happened
[32m[20221129 00:24:49 @pendulum_agent.py:122][0m #------------------------ Iteration 114 --------------------------#
[32m[20221129 00:24:50 @agent_ppo.py:57][0m Sample time: 0.7201199531555176
[32m[20221129 00:24:53 @agent_ppo.py:62][0m Update time: 3.261530876159668
