[32m[20221122 15:15:18 @logger.py:105][0m Log file set to ./tmp/hopper/easy/20221122_151518/log/hopper_easy-20221122_151518.log
[32m[20221122 15:15:18 @hopper_agent.py:269][0m #------------------------ Iteration 0 --------------------------#
[32m[20221122 15:15:24 @hopper_agent.py:300][0m Sample time: 6.306742191314697
[32m[20221122 15:15:26 @hopper_agent.py:363][0m |        surr |          kl |         ent |     vf_loss|   weight_l2|
[32m[20221122 15:15:35 @hopper_agent.py:305][0m Update time: 10.559071779251099
[32m[20221122 15:15:36 @hopper_agent.py:310][0m Evaluation time: 1.163175106048584
[32m[20221122 15:15:36 @hopper_agent.py:276][0m [4m[34mCRITICAL[0m Get the best episode reward: 0
[32m[20221122 15:15:36 @hopper_agent.py:254][0m [4m[34mCRITICAL[0m Saving the best checkpoint with rewards 0.00
[32m[20221122 15:15:36 @hopper_agent.py:282][0m Total time: 18.115637063980103
[32m[20221122 15:15:36 @hopper_agent.py:284][0m 50000 total steps have happened
[32m[20221122 15:15:36 @hopper_agent.py:269][0m #------------------------ Iteration 1 --------------------------#
[32m[20221122 15:15:43 @hopper_agent.py:300][0m Sample time: 6.654706954956055
[32m[20221122 15:15:44 @hopper_agent.py:363][0m |        surr |          kl |         ent |     vf_loss|   weight_l2|
[32m[20221122 15:15:53 @hopper_agent.py:305][0m Update time: 10.499027967453003
[32m[20221122 15:15:55 @hopper_agent.py:310][0m Evaluation time: 1.1497089862823486
[32m[20221122 15:15:55 @hopper_agent.py:280][0m Average episode reward: 0
[32m[20221122 15:15:55 @hopper_agent.py:282][0m Total time: 36.44069194793701
[32m[20221122 15:15:55 @hopper_agent.py:284][0m 100000 total steps have happened
[32m[20221122 15:15:55 @hopper_agent.py:269][0m #------------------------ Iteration 2 --------------------------#
[32m[20221122 15:16:01 @hopper_agent.py:300][0m Sample time: 6.561558961868286
[32m[20221122 15:16:02 @hopper_agent.py:363][0m |        surr |          kl |         ent |     vf_loss|   weight_l2|
[32m[20221122 15:16:11 @hopper_agent.py:305][0m Update time: 10.23135495185852
[32m[20221122 15:16:13 @hopper_agent.py:310][0m Evaluation time: 1.182826042175293
[32m[20221122 15:16:13 @hopper_agent.py:280][0m Average episode reward: 0
[32m[20221122 15:16:13 @hopper_agent.py:282][0m Total time: 54.431954860687256
[32m[20221122 15:16:13 @hopper_agent.py:284][0m 150000 total steps have happened
[32m[20221122 15:16:13 @hopper_agent.py:269][0m #------------------------ Iteration 3 --------------------------#
