[32m[20221123 02:53:03 @logger.py:105][0m Log file set to ./tmp/hopper/easy/20221123_025303/log/hopper_easy-20221123_025303.log
[32m[20221123 02:53:03 @hopper_agent.py:268][0m #------------------------ Iteration 0 --------------------------#
[32m[20221123 02:53:05 @hopper_agent.py:145][0m agent 0 avg episode training reward: 1.0703247794867479
[32m[20221123 02:53:05 @hopper_agent.py:145][0m agent 6 avg episode training reward: 0.0
[32m[20221123 02:53:05 @hopper_agent.py:145][0m agent 5 avg episode training reward: 0.0
[32m[20221123 02:53:05 @hopper_agent.py:145][0m agent 1 avg episode training reward: 0.0
[32m[20221123 02:53:05 @hopper_agent.py:145][0m agent 7 avg episode training reward: 0.0
[32m[20221123 02:53:05 @hopper_agent.py:145][0m agent 3 avg episode training reward: 0.0
[32m[20221123 02:53:05 @hopper_agent.py:145][0m agent 9 avg episode training reward: 0.8833609645085497
[32m[20221123 02:53:05 @hopper_agent.py:145][0m agent 8 avg episode training reward: 0.0
[32m[20221123 02:53:05 @hopper_agent.py:145][0m agent 4 avg episode training reward: 0.0
[32m[20221123 02:53:05 @hopper_agent.py:145][0m agent 2 avg episode training reward: 0.0
[32m[20221123 02:53:07 @hopper_agent.py:300][0m Sample time: 4.045026063919067
[32m[20221123 02:53:17 @hopper_agent.py:305][0m Update time: 9.451019048690796
[32m[20221123 02:53:17 @hopper_agent.py:145][0m agent 1 avg episode training reward: 0.0
[32m[20221123 02:53:17 @hopper_agent.py:145][0m agent 2 avg episode training reward: 0.0
[32m[20221123 02:53:17 @hopper_agent.py:145][0m agent 3 avg episode training reward: 0.0
[32m[20221123 02:53:17 @hopper_agent.py:145][0m agent 4 avg episode training reward: 0.0
[32m[20221123 02:53:17 @hopper_agent.py:145][0m agent 5 avg episode training reward: 0.0
[32m[20221123 02:53:17 @hopper_agent.py:145][0m agent 6 avg episode training reward: 0.0
[32m[20221123 02:53:17 @hopper_agent.py:145][0m agent 0 avg episode training reward: 0.0
[32m[20221123 02:53:17 @hopper_agent.py:145][0m agent 9 avg episode training reward: 0.0
[32m[20221123 02:53:17 @hopper_agent.py:145][0m agent 7 avg episode training reward: 0.0
[32m[20221123 02:53:17 @hopper_agent.py:145][0m agent 8 avg episode training reward: 0.0
[32m[20221123 02:53:18 @hopper_agent.py:310][0m Evaluation time: 0.8783948421478271
[32m[20221123 02:53:18 @hopper_agent.py:275][0m [4m[34mCRITICAL[0m Get the best episode reward: 0
[32m[20221123 02:53:18 @hopper_agent.py:253][0m [4m[34mCRITICAL[0m Saving the best checkpoint with rewards 0.00
[32m[20221123 02:53:18 @hopper_agent.py:282][0m Total time: 14.687286138534546
[32m[20221123 02:53:18 @hopper_agent.py:284][0m 50000 total steps have happened
[32m[20221123 02:53:18 @hopper_agent.py:268][0m #------------------------ Iteration 1 --------------------------#
[32m[20221123 02:53:19 @hopper_agent.py:145][0m agent 0 avg episode training reward: 0.0
[32m[20221123 02:53:19 @hopper_agent.py:145][0m agent 9 avg episode training reward: 0.0
[32m[20221123 02:53:19 @hopper_agent.py:145][0m agent 5 avg episode training reward: 0.0
[32m[20221123 02:53:19 @hopper_agent.py:145][0m agent 7 avg episode training reward: 0.0
[32m[20221123 02:53:19 @hopper_agent.py:145][0m agent 2 avg episode training reward: 0.0
[32m[20221123 02:53:19 @hopper_agent.py:145][0m agent 3 avg episode training reward: 0.0
[32m[20221123 02:53:19 @hopper_agent.py:145][0m agent 6 avg episode training reward: 0.0
[32m[20221123 02:53:19 @hopper_agent.py:145][0m agent 1 avg episode training reward: 0.0
[32m[20221123 02:53:19 @hopper_agent.py:145][0m agent 4 avg episode training reward: 0.0
[32m[20221123 02:53:19 @hopper_agent.py:145][0m agent 8 avg episode training reward: 0.0
