[32m[20221123 00:13:58 @logger.py:105][0m Log file set to ./tmp/hopper/easy/20221123_001357/log/hopper_easy-20221123_001357.log
[32m[20221123 00:13:58 @hopper_agent.py:285][0m #------------------------ Iteration 0 --------------------------#
[32m[20221123 00:29:51 @hopper_agent.py:161][0m agent avg episode reward: 7.787510544593301
[32m[20221123 00:29:51 @hopper_agent.py:317][0m Sample time: 953.5971329212189
[32m[20221123 00:30:01 @hopper_agent.py:322][0m Update time: 9.805330038070679
[32m[20221123 00:33:04 @hopper_agent.py:161][0m agent avg episode reward: 12.991622639188545
[32m[20221123 00:33:04 @hopper_agent.py:328][0m Evaluation time: 183.29911708831787
[32m[20221123 00:33:04 @hopper_agent.py:292][0m [4m[34mCRITICAL[0m Get the best episode reward: 0
[32m[20221123 00:33:04 @hopper_agent.py:270][0m [4m[34mCRITICAL[0m Saving the best checkpoint with rewards 0.00
[32m[20221123 00:33:04 @hopper_agent.py:299][0m Total time: 1146.8045890331268
[32m[20221123 00:33:04 @hopper_agent.py:301][0m 50000 total steps have happened
[32m[20221123 00:33:04 @hopper_agent.py:285][0m #------------------------ Iteration 1 --------------------------#
[32m[20221123 00:47:22 @hopper_agent.py:161][0m agent avg episode reward: 4.978216289158082
[32m[20221123 00:47:22 @hopper_agent.py:317][0m Sample time: 857.6573040485382
[32m[20221123 00:47:32 @hopper_agent.py:322][0m Update time: 10.257067203521729
[32m[20221123 00:50:23 @hopper_agent.py:161][0m agent avg episode reward: 20.574835443533004
[32m[20221123 00:50:23 @hopper_agent.py:328][0m Evaluation time: 170.50963401794434
[32m[20221123 00:50:23 @hopper_agent.py:296][0m Average TRAINING episode reward: 4.978216289158082
[32m[20221123 00:50:23 @hopper_agent.py:297][0m Average EVALUATION episode reward: 0
[32m[20221123 00:50:23 @hopper_agent.py:299][0m Total time: 2185.2886850833893
[32m[20221123 00:50:23 @hopper_agent.py:301][0m 100000 total steps have happened
[32m[20221123 00:50:23 @hopper_agent.py:285][0m #------------------------ Iteration 2 --------------------------#
